π€ Starting mass trajectory generation for 10,000 environments...
   Using only the FIRST pose pair from each environment

=== Processing circle_env_000000 (1/10000) ===
π”§ Generating RRT trajectory for first pose pair...
β… RRT trajectory generated: trajectory_000000.json
π― Applying B-spline smoothing...
μ›λ³Έ κ¶¤μ  λ΅λ“: ../../../data/trajectories/circle_envs_10k_temp/trajectory_000000.json
- κ¶¤μ  ID: traj_rb3_000000
- μ›¨μ΄ν¬μΈνΈ μ: 86
B-spline μ¤λ¬΄λ”© μ μ©:
- μ›λ³Έ β†’ μ¤λ¬΄λ”©: 86 β†’ 172 waypoints
- μ„¤μ •: degree=3, smoothing=0.1
\nβ… B-spline κ¶¤μ  μ €μ¥ μ™„λ£:
   νμΌ: ../../../data/trajectories/circle_envs_10k_bsplined/trajectory_000000_bsplined.json
   κ°μ„ μ‚¬ν•­:
   - κ³΅λ¥  λ¶„μ‚°: 100.0%
   - κ°€μ†λ„ λ…Έλ¦„: 98.9%
   - μ €ν¬ λ…Έλ¦„: 100.0%
β… B-spline smoothing completed: trajectory_000000_bsplined.json

=== Processing circle_env_000001 (2/10000) ===
π”§ Generating RRT trajectory for first pose pair...
β… RRT trajectory generated: trajectory_000000.json
π― Applying B-spline smoothing...
μ›λ³Έ κ¶¤μ  λ΅λ“: ../../../data/trajectories/circle_envs_10k_temp/trajectory_000000.json
- κ¶¤μ  ID: traj_rb3_000000
- μ›¨μ΄ν¬μΈνΈ μ: 339
B-spline μ¤λ¬΄λ”© μ μ©:
- μ›λ³Έ β†’ μ¤λ¬΄λ”©: 339 β†’ 678 waypoints
- μ„¤μ •: degree=3, smoothing=0.1
\nβ… B-spline κ¶¤μ  μ €μ¥ μ™„λ£:
   νμΌ: ../../../data/trajectories/circle_envs_10k_bsplined/trajectory_000000_bsplined.json
   κ°μ„ μ‚¬ν•­:
   - κ³΅λ¥  λ¶„μ‚°: 98.4%
   - κ°€μ†λ„ λ…Έλ¦„: 95.3%
   - μ €ν¬ λ…Έλ¦„: 99.5%
β… B-spline smoothing completed: trajectory_000000_bsplined.json

=== Processing circle_env_000002 (3/10000) ===
π”§ Generating RRT trajectory for first pose pair...
β… RRT trajectory generated: trajectory_000000.json
π― Applying B-spline smoothing...
μ›λ³Έ κ¶¤μ  λ΅λ“: ../../../data/trajectories/circle_envs_10k_temp/trajectory_000000.json
- κ¶¤μ  ID: traj_rb3_000000
- μ›¨μ΄ν¬μΈνΈ μ: 78
B-spline μ¤λ¬΄λ”© μ μ©:
- μ›λ³Έ β†’ μ¤λ¬΄λ”©: 78 β†’ 156 waypoints
- μ„¤μ •: degree=3, smoothing=0.1
\nβ… B-spline κ¶¤μ  μ €μ¥ μ™„λ£:
   νμΌ: ../../../data/trajectories/circle_envs_10k_bsplined/trajectory_000000_bsplined.json
   κ°μ„ μ‚¬ν•­:
   - κ³΅λ¥  λ¶„μ‚°: 100.0%
   - κ°€μ†λ„ λ…Έλ¦„: 99.0%
   - μ €ν¬ λ…Έλ¦„: 100.0%
β… B-spline smoothing completed: trajectory_000000_bsplined.json

=== Processing circle_env_000003 (4/10000) ===
π”§ Generating RRT trajectory for first pose pair...
β… RRT trajectory generated: trajectory_000000.json
π― Applying B-spline smoothing...
μ›λ³Έ κ¶¤μ  λ΅λ“: ../../../data/trajectories/circle_envs_10k_temp/trajectory_000000.json
- κ¶¤μ  ID: traj_rb3_000000
- μ›¨μ΄ν¬μΈνΈ μ: 116
B-spline μ¤λ¬΄λ”© μ μ©:
- μ›λ³Έ β†’ μ¤λ¬΄λ”©: 116 β†’ 232 waypoints
- μ„¤μ •: degree=3, smoothing=0.1
\nβ… B-spline κ¶¤μ  μ €μ¥ μ™„λ£:
   νμΌ: ../../../data/trajectories/circle_envs_10k_bsplined/trajectory_000000_bsplined.json
   κ°μ„ μ‚¬ν•­:
   - κ³΅λ¥  λ¶„μ‚°: 100.0%
   - κ°€μ†λ„ λ…Έλ¦„: 99.1%
   - μ €ν¬ λ…Έλ¦„: 100.0%
β… B-spline smoothing completed: trajectory_000000_bsplined.json

=== Processing circle_env_000004 (5/10000) ===
π”§ Generating RRT trajectory for first pose pair...
β… RRT trajectory generated: trajectory_000000.json
π― Applying B-spline smoothing...
μ›λ³Έ κ¶¤μ  λ΅λ“: ../../../data/trajectories/circle_envs_10k_temp/trajectory_000000.json
- κ¶¤μ  ID: traj_rb3_000000
- μ›¨μ΄ν¬μΈνΈ μ: 487
B-spline μ¤λ¬΄λ”© μ μ©:
- μ›λ³Έ β†’ μ¤λ¬΄λ”©: 487 β†’ 974 waypoints
- μ„¤μ •: degree=3, smoothing=0.1
\nβ… B-spline κ¶¤μ  μ €μ¥ μ™„λ£:
   νμΌ: ../../../data/trajectories/circle_envs_10k_bsplined/trajectory_000000_bsplined.json
   κ°μ„ μ‚¬ν•­:
   - κ³΅λ¥  λ¶„μ‚°: 99.3%
   - κ°€μ†λ„ λ…Έλ¦„: 95.5%
   - μ €ν¬ λ…Έλ¦„: 99.6%
β… B-spline smoothing completed: trajectory_000000_bsplined.json

=== Processing circle_env_000005 (6/10000) ===
π”§ Generating RRT trajectory for first pose pair...
β… RRT trajectory generated: trajectory_000000.json
π― Applying B-spline smoothing...
μ›λ³Έ κ¶¤μ  λ΅λ“: ../../../data/trajectories/circle_envs_10k_temp/trajectory_000000.json
- κ¶¤μ  ID: traj_rb3_000000
- μ›¨μ΄ν¬μΈνΈ μ: 331
B-spline μ¤λ¬΄λ”© μ μ©:
- μ›λ³Έ β†’ μ¤λ¬΄λ”©: 331 β†’ 662 waypoints
- μ„¤μ •: degree=3, smoothing=0.1
\nβ… B-spline κ¶¤μ  μ €μ¥ μ™„λ£:
   νμΌ: ../../../data/trajectories/circle_envs_10k_bsplined/trajectory_000000_bsplined.json
   κ°μ„ μ‚¬ν•­:
   - κ³΅λ¥  λ¶„μ‚°: 99.3%
   - κ°€μ†λ„ λ…Έλ¦„: 97.5%
   - μ €ν¬ λ…Έλ¦„: 99.9%
β… B-spline smoothing completed: trajectory_000000_bsplined.json

=== Processing circle_env_000006 (7/10000) ===
π”§ Generating RRT trajectory for first pose pair...
β… RRT trajectory generated: trajectory_000000.json
π― Applying B-spline smoothing...
μ›λ³Έ κ¶¤μ  λ΅λ“: ../../../data/trajectories/circle_envs_10k_temp/trajectory_000000.json
- κ¶¤μ  ID: traj_rb3_000000
- μ›¨μ΄ν¬μΈνΈ μ: 79
B-spline μ¤λ¬΄λ”© μ μ©:
- μ›λ³Έ β†’ μ¤λ¬΄λ”©: 79 β†’ 158 waypoints
- μ„¤μ •: degree=3, smoothing=0.1
\nβ… B-spline κ¶¤μ  μ €μ¥ μ™„λ£:
   νμΌ: ../../../data/trajectories/circle_envs_10k_bsplined/trajectory_000000_bsplined.json
   κ°μ„ μ‚¬ν•­:
   - κ³΅λ¥  λ¶„μ‚°: 100.0%
   - κ°€μ†λ„ λ…Έλ¦„: 50.9%
   - μ €ν¬ λ…Έλ¦„: 51.1%
β… B-spline smoothing completed: trajectory_000000_bsplined.json

=== Processing circle_env_000007 (8/10000) ===
π”§ Generating RRT trajectory for first pose pair...
β… RRT trajectory generated: trajectory_000000.json
π― Applying B-spline smoothing...
μ›λ³Έ κ¶¤μ  λ΅λ“: ../../../data/trajectories/circle_envs_10k_temp/trajectory_000000.json
- κ¶¤μ  ID: traj_rb3_000000
- μ›¨μ΄ν¬μΈνΈ μ: 141
B-spline μ¤λ¬΄λ”© μ μ©:
- μ›λ³Έ β†’ μ¤λ¬΄λ”©: 141 β†’ 282 waypoints
- μ„¤μ •: degree=3, smoothing=0.1
\nβ… B-spline κ¶¤μ  μ €μ¥ μ™„λ£:
   νμΌ: ../../../data/trajectories/circle_envs_10k_bsplined/trajectory_000000_bsplined.json
   κ°μ„ μ‚¬ν•­:
   - κ³΅λ¥  λ¶„μ‚°: 100.0%
   - κ°€μ†λ„ λ…Έλ¦„: 50.5%
   - μ €ν¬ λ…Έλ¦„: 50.7%
β… B-spline smoothing completed: trajectory_000000_bsplined.json

=== Processing circle_env_000008 (9/10000) ===
π”§ Generating RRT trajectory for first pose pair...
β… RRT trajectory generated: trajectory_000000.json
π― Applying B-spline smoothing...
μ›λ³Έ κ¶¤μ  λ΅λ“: ../../../data/trajectories/circle_envs_10k_temp/trajectory_000000.json
- κ¶¤μ  ID: traj_rb3_000000
- μ›¨μ΄ν¬μΈνΈ μ: 148
B-spline μ¤λ¬΄λ”© μ μ©:
- μ›λ³Έ β†’ μ¤λ¬΄λ”©: 148 β†’ 296 waypoints
- μ„¤μ •: degree=3, smoothing=0.1
\nβ… B-spline κ¶¤μ  μ €μ¥ μ™„λ£:
   νμΌ: ../../../data/trajectories/circle_envs_10k_bsplined/trajectory_000000_bsplined.json
   κ°μ„ μ‚¬ν•­:
   - κ³΅λ¥  λ¶„μ‚°: 99.0%
   - κ°€μ†λ„ λ…Έλ¦„: 96.6%
   - μ €ν¬ λ…Έλ¦„: 99.8%
β… B-spline smoothing completed: trajectory_000000_bsplined.json

=== Processing circle_env_000009 (10/10000) ===
π”§ Generating RRT trajectory for first pose pair...
β… RRT trajectory generated: trajectory_000000.json
π― Applying B-spline smoothing...
μ›λ³Έ κ¶¤μ  λ΅λ“: ../../../data/trajectories/circle_envs_10k_temp/trajectory_000000.json
- κ¶¤μ  ID: traj_rb3_000000
- μ›¨μ΄ν¬μΈνΈ μ: 313
B-spline μ¤λ¬΄λ”© μ μ©:
- μ›λ³Έ β†’ μ¤λ¬΄λ”©: 313 β†’ 626 waypoints
- μ„¤μ •: degree=3, smoothing=0.1
\nβ… B-spline κ¶¤μ  μ €μ¥ μ™„λ£:
   νμΌ: ../../../data/trajectories/circle_envs_10k_bsplined/trajectory_000000_bsplined.json
   κ°μ„ μ‚¬ν•­:
   - κ³΅λ¥  λ¶„μ‚°: 99.2%
   - κ°€μ†λ„ λ…Έλ¦„: 96.4%
   - μ €ν¬ λ…Έλ¦„: 99.8%
β… B-spline smoothing completed: trajectory_000000_bsplined.json

=== Processing circle_env_000010 (11/10000) ===
π”§ Generating RRT trajectory for first pose pair...
β… RRT trajectory generated: trajectory_000000.json
π― Applying B-spline smoothing...
μ›λ³Έ κ¶¤μ  λ΅λ“: ../../../data/trajectories/circle_envs_10k_temp/trajectory_000000.json
- κ¶¤μ  ID: traj_rb3_000000
- μ›¨μ΄ν¬μΈνΈ μ: 80
B-spline μ¤λ¬΄λ”© μ μ©:
- μ›λ³Έ β†’ μ¤λ¬΄λ”©: 80 β†’ 160 waypoints
- μ„¤μ •: degree=3, smoothing=0.1
\nβ… B-spline κ¶¤μ  μ €μ¥ μ™„λ£:
   νμΌ: ../../../data/trajectories/circle_envs_10k_bsplined/trajectory_000000_bsplined.json
   κ°μ„ μ‚¬ν•­:
   - κ³΅λ¥  λ¶„μ‚°: 100.0%
   - κ°€μ†λ„ λ…Έλ¦„: 99.1%
   - μ €ν¬ λ…Έλ¦„: 100.0%
β… B-spline smoothing completed: trajectory_000000_bsplined.json

=== Processing circle_env_000011 (12/10000) ===
π”§ Generating RRT trajectory for first pose pair...
β… RRT trajectory generated: trajectory_000000.json
π― Applying B-spline smoothing...
μ›λ³Έ κ¶¤μ  λ΅λ“: ../../../data/trajectories/circle_envs_10k_temp/trajectory_000000.json
- κ¶¤μ  ID: traj_rb3_000000
- μ›¨μ΄ν¬μΈνΈ μ: 72
B-spline μ¤λ¬΄λ”© μ μ©:
- μ›λ³Έ β†’ μ¤λ¬΄λ”©: 72 β†’ 144 waypoints
- μ„¤μ •: degree=3, smoothing=0.1
\nβ… B-spline κ¶¤μ  μ €μ¥ μ™„λ£:
   νμΌ: ../../../data/trajectories/circle_envs_10k_bsplined/trajectory_000000_bsplined.json
   κ°μ„ μ‚¬ν•­:
   - κ³΅λ¥  λ¶„μ‚°: 100.0%
   - κ°€μ†λ„ λ…Έλ¦„: 99.2%
   - μ €ν¬ λ…Έλ¦„: 100.0%
β… B-spline smoothing completed: trajectory_000000_bsplined.json

=== Processing circle_env_000012 (13/10000) ===
π”§ Generating RRT trajectory for first pose pair...
β… RRT trajectory generated: trajectory_000000.json
π― Applying B-spline smoothing...
μ›λ³Έ κ¶¤μ  λ΅λ“: ../../../data/trajectories/circle_envs_10k_temp/trajectory_000000.json
- κ¶¤μ  ID: traj_rb3_000000
- μ›¨μ΄ν¬μΈνΈ μ: 73
B-spline μ¤λ¬΄λ”© μ μ©:
- μ›λ³Έ β†’ μ¤λ¬΄λ”©: 73 β†’ 146 waypoints
- μ„¤μ •: degree=3, smoothing=0.1
\nβ… B-spline κ¶¤μ  μ €μ¥ μ™„λ£:
   νμΌ: ../../../data/trajectories/circle_envs_10k_bsplined/trajectory_000000_bsplined.json
   κ°μ„ μ‚¬ν•­:
   - κ³΅λ¥  λ¶„μ‚°: 99.8%
   - κ°€μ†λ„ λ…Έλ¦„: 90.4%
   - μ €ν¬ λ…Έλ¦„: 99.9%
β… B-spline smoothing completed: trajectory_000000_bsplined.json

=== Processing circle_env_000013 (14/10000) ===
π”§ Generating RRT trajectory for first pose pair...
β… RRT trajectory generated: trajectory_000000.json
π― Applying B-spline smoothing...
μ›λ³Έ κ¶¤μ  λ΅λ“: ../../../data/trajectories/circle_envs_10k_temp/trajectory_000000.json
- κ¶¤μ  ID: traj_rb3_000000
- μ›¨μ΄ν¬μΈνΈ μ: 67
B-spline μ¤λ¬΄λ”© μ μ©:
- μ›λ³Έ β†’ μ¤λ¬΄λ”©: 67 β†’ 134 waypoints
- μ„¤μ •: degree=3, smoothing=0.1
\nβ… B-spline κ¶¤μ  μ €μ¥ μ™„λ£:
   νμΌ: ../../../data/trajectories/circle_envs_10k_bsplined/trajectory_000000_bsplined.json
   κ°μ„ μ‚¬ν•­:
   - κ³΅λ¥  λ¶„μ‚°: 100.0%
   - κ°€μ†λ„ λ…Έλ¦„: 99.4%
   - μ €ν¬ λ…Έλ¦„: 100.0%
β… B-spline smoothing completed: trajectory_000000_bsplined.json

=== Processing circle_env_000014 (15/10000) ===
π”§ Generating RRT trajectory for first pose pair...
β… RRT trajectory generated: trajectory_000000.json
π― Applying B-spline smoothing...
μ›λ³Έ κ¶¤μ  λ΅λ“: ../../../data/trajectories/circle_envs_10k_temp/trajectory_000000.json
- κ¶¤μ  ID: traj_rb3_000000
- μ›¨μ΄ν¬μΈνΈ μ: 325
B-spline μ¤λ¬΄λ”© μ μ©:
- μ›λ³Έ β†’ μ¤λ¬΄λ”©: 325 β†’ 650 waypoints
- μ„¤μ •: degree=3, smoothing=0.1
\nβ… B-spline κ¶¤μ  μ €μ¥ μ™„λ£:
   νμΌ: ../../../data/trajectories/circle_envs_10k_bsplined/trajectory_000000_bsplined.json
   κ°μ„ μ‚¬ν•­:
   - κ³΅λ¥  λ¶„μ‚°: 99.4%
   - κ°€μ†λ„ λ…Έλ¦„: 95.3%
   - μ €ν¬ λ…Έλ¦„: 99.1%
β… B-spline smoothing completed: trajectory_000000_bsplined.json

=== Processing circle_env_000015 (16/10000) ===
π”§ Generating RRT trajectory for first pose pair...
β… RRT trajectory generated: trajectory_000000.json
π― Applying B-spline smoothing...
μ›λ³Έ κ¶¤μ  λ΅λ“: ../../../data/trajectories/circle_envs_10k_temp/trajectory_000000.json
- κ¶¤μ  ID: traj_rb3_000000
- μ›¨μ΄ν¬μΈνΈ μ: 74
B-spline μ¤λ¬΄λ”© μ μ©:
- μ›λ³Έ β†’ μ¤λ¬΄λ”©: 74 β†’ 148 waypoints
- μ„¤μ •: degree=3, smoothing=0.1
\nβ… B-spline κ¶¤μ  μ €μ¥ μ™„λ£:
   νμΌ: ../../../data/trajectories/circle_envs_10k_bsplined/trajectory_000000_bsplined.json
   κ°μ„ μ‚¬ν•­:
   - κ³΅λ¥  λ¶„μ‚°: 100.0%
   - κ°€μ†λ„ λ…Έλ¦„: 99.8%
   - μ €ν¬ λ…Έλ¦„: 100.0%
β… B-spline smoothing completed: trajectory_000000_bsplined.json

=== Processing circle_env_000016 (17/10000) ===
π”§ Generating RRT trajectory for first pose pair...
β… RRT trajectory generated: trajectory_000000.json
π― Applying B-spline smoothing...
μ›λ³Έ κ¶¤μ  λ΅λ“: ../../../data/trajectories/circle_envs_10k_temp/trajectory_000000.json
- κ¶¤μ  ID: traj_rb3_000000
- μ›¨μ΄ν¬μΈνΈ μ: 239
B-spline μ¤λ¬΄λ”© μ μ©:
- μ›λ³Έ β†’ μ¤λ¬΄λ”©: 239 β†’ 478 waypoints
- μ„¤μ •: degree=3, smoothing=0.1
\nβ… B-spline κ¶¤μ  μ €μ¥ μ™„λ£:
   νμΌ: ../../../data/trajectories/circle_envs_10k_bsplined/trajectory_000000_bsplined.json
   κ°μ„ μ‚¬ν•­:
   - κ³΅λ¥  λ¶„μ‚°: 98.1%
   - κ°€μ†λ„ λ…Έλ¦„: 96.9%
   - μ €ν¬ λ…Έλ¦„: 99.8%
β… B-spline smoothing completed: trajectory_000000_bsplined.json

=== Processing circle_env_000017 (18/10000) ===
π”§ Generating RRT trajectory for first pose pair...
β… RRT trajectory generated: trajectory_000000.json
π― Applying B-spline smoothing...
μ›λ³Έ κ¶¤μ  λ΅λ“: ../../../data/trajectories/circle_envs_10k_temp/trajectory_000000.json
- κ¶¤μ  ID: traj_rb3_000000
- μ›¨μ΄ν¬μΈνΈ μ: 201
B-spline μ¤λ¬΄λ”© μ μ©:
- μ›λ³Έ β†’ μ¤λ¬΄λ”©: 201 β†’ 402 waypoints
- μ„¤μ •: degree=3, smoothing=0.1
\nβ… B-spline κ¶¤μ  μ €μ¥ μ™„λ£:
   νμΌ: ../../../data/trajectories/circle_envs_10k_bsplined/trajectory_000000_bsplined.json
   κ°μ„ μ‚¬ν•­:
   - κ³΅λ¥  λ¶„μ‚°: 99.3%
   - κ°€μ†λ„ λ…Έλ¦„: 95.7%
   - μ €ν¬ λ…Έλ¦„: 99.4%
β… B-spline smoothing completed: trajectory_000000_bsplined.json

=== Processing circle_env_000018 (19/10000) ===
π”§ Generating RRT trajectory for first pose pair...
β… RRT trajectory generated: trajectory_000000.json
π― Applying B-spline smoothing...
μ›λ³Έ κ¶¤μ  λ΅λ“: ../../../data/trajectories/circle_envs_10k_temp/trajectory_000000.json
- κ¶¤μ  ID: traj_rb3_000000
- μ›¨μ΄ν¬μΈνΈ μ: 74
B-spline μ¤λ¬΄λ”© μ μ©:
- μ›λ³Έ β†’ μ¤λ¬΄λ”©: 74 β†’ 148 waypoints
- μ„¤μ •: degree=3, smoothing=0.1
\nβ… B-spline κ¶¤μ  μ €μ¥ μ™„λ£:
   νμΌ: ../../../data/trajectories/circle_envs_10k_bsplined/trajectory_000000_bsplined.json
   κ°μ„ μ‚¬ν•­:
   - κ³΅λ¥  λ¶„μ‚°: 100.0%
   - κ°€μ†λ„ λ…Έλ¦„: 50.9%
   - μ €ν¬ λ…Έλ¦„: 51.3%
β… B-spline smoothing completed: trajectory_000000_bsplined.json

=== Processing circle_env_000019 (20/10000) ===
π”§ Generating RRT trajectory for first pose pair...
β… RRT trajectory generated: trajectory_000000.json
π― Applying B-spline smoothing...
μ›λ³Έ κ¶¤μ  λ΅λ“: ../../../data/trajectories/circle_envs_10k_temp/trajectory_000000.json
- κ¶¤μ  ID: traj_rb3_000000
- μ›¨μ΄ν¬μΈνΈ μ: 179
B-spline μ¤λ¬΄λ”© μ μ©:
- μ›λ³Έ β†’ μ¤λ¬΄λ”©: 179 β†’ 358 waypoints
- μ„¤μ •: degree=3, smoothing=0.1
\nβ… B-spline κ¶¤μ  μ €μ¥ μ™„λ£:
   νμΌ: ../../../data/trajectories/circle_envs_10k_bsplined/trajectory_000000_bsplined.json
   κ°μ„ μ‚¬ν•­:
   - κ³΅λ¥  λ¶„μ‚°: 98.8%
   - κ°€μ†λ„ λ…Έλ¦„: 95.5%
   - μ €ν¬ λ…Έλ¦„: 99.7%
β… B-spline smoothing completed: trajectory_000000_bsplined.json

=== Processing circle_env_000020 (21/10000) ===
π”§ Generating RRT trajectory for first pose pair...
β… RRT trajectory generated: trajectory_000000.json
π― Applying B-spline smoothing...
μ›λ³Έ κ¶¤μ  λ΅λ“: ../../../data/trajectories/circle_envs_10k_temp/trajectory_000000.json
- κ¶¤μ  ID: traj_rb3_000000
- μ›¨μ΄ν¬μΈνΈ μ: 77
B-spline μ¤λ¬΄λ”© μ μ©:
- μ›λ³Έ β†’ μ¤λ¬΄λ”©: 77 β†’ 154 waypoints
- μ„¤μ •: degree=3, smoothing=0.1
\nβ… B-spline κ¶¤μ  μ €μ¥ μ™„λ£:
   νμΌ: ../../../data/trajectories/circle_envs_10k_bsplined/trajectory_000000_bsplined.json
   κ°μ„ μ‚¬ν•­:
   - κ³΅λ¥  λ¶„μ‚°: 100.0%
   - κ°€μ†λ„ λ…Έλ¦„: 99.5%
   - μ €ν¬ λ…Έλ¦„: 100.0%
β… B-spline smoothing completed: trajectory_000000_bsplined.json

=== Processing circle_env_000021 (22/10000) ===
π”§ Generating RRT trajectory for first pose pair...
β… RRT trajectory generated: trajectory_000000.json
π― Applying B-spline smoothing...
μ›λ³Έ κ¶¤μ  λ΅λ“: ../../../data/trajectories/circle_envs_10k_temp/trajectory_000000.json
- κ¶¤μ  ID: traj_rb3_000000
- μ›¨μ΄ν¬μΈνΈ μ: 105
B-spline μ¤λ¬΄λ”© μ μ©:
- μ›λ³Έ β†’ μ¤λ¬΄λ”©: 105 β†’ 210 waypoints
- μ„¤μ •: degree=3, smoothing=0.1
\nβ… B-spline κ¶¤μ  μ €μ¥ μ™„λ£:
   νμΌ: ../../../data/trajectories/circle_envs_10k_bsplined/trajectory_000000_bsplined.json
   κ°μ„ μ‚¬ν•­:
   - κ³΅λ¥  λ¶„μ‚°: 100.0%
   - κ°€μ†λ„ λ…Έλ¦„: 50.9%
   - μ €ν¬ λ…Έλ¦„: 51.0%
β… B-spline smoothing completed: trajectory_000000_bsplined.json

=== Processing circle_env_000022 (23/10000) ===
π”§ Generating RRT trajectory for first pose pair...
β… RRT trajectory generated: trajectory_000000.json
π― Applying B-spline smoothing...
μ›λ³Έ κ¶¤μ  λ΅λ“: ../../../data/trajectories/circle_envs_10k_temp/trajectory_000000.json
- κ¶¤μ  ID: traj_rb3_000000
- μ›¨μ΄ν¬μΈνΈ μ: 63
B-spline μ¤λ¬΄λ”© μ μ©:
- μ›λ³Έ β†’ μ¤λ¬΄λ”©: 63 β†’ 126 waypoints
- μ„¤μ •: degree=3, smoothing=0.1
\nβ… B-spline κ¶¤μ  μ €μ¥ μ™„λ£:
   νμΌ: ../../../data/trajectories/circle_envs_10k_bsplined/trajectory_000000_bsplined.json
   κ°μ„ μ‚¬ν•­:
   - κ³΅λ¥  λ¶„μ‚°: 100.0%
   - κ°€μ†λ„ λ…Έλ¦„: 98.2%
   - μ €ν¬ λ…Έλ¦„: 100.0%
β… B-spline smoothing completed: trajectory_000000_bsplined.json

=== Processing circle_env_000023 (24/10000) ===
π”§ Generating RRT trajectory for first pose pair...
β… RRT trajectory generated: trajectory_000000.json
π― Applying B-spline smoothing...
μ›λ³Έ κ¶¤μ  λ΅λ“: ../../../data/trajectories/circle_envs_10k_temp/trajectory_000000.json
- κ¶¤μ  ID: traj_rb3_000000
- μ›¨μ΄ν¬μΈνΈ μ: 65
B-spline μ¤λ¬΄λ”© μ μ©:
- μ›λ³Έ β†’ μ¤λ¬΄λ”©: 65 β†’ 130 waypoints
- μ„¤μ •: degree=3, smoothing=0.1
\nβ… B-spline κ¶¤μ  μ €μ¥ μ™„λ£:
   νμΌ: ../../../data/trajectories/circle_envs_10k_bsplined/trajectory_000000_bsplined.json
   κ°μ„ μ‚¬ν•­:
   - κ³΅λ¥  λ¶„μ‚°: 100.0%
   - κ°€μ†λ„ λ…Έλ¦„: 97.5%
   - μ €ν¬ λ…Έλ¦„: 100.0%
β… B-spline smoothing completed: trajectory_000000_bsplined.json

=== Processing circle_env_000024 (25/10000) ===
π”§ Generating RRT trajectory for first pose pair...
β… RRT trajectory generated: trajectory_000000.json
π― Applying B-spline smoothing...
μ›λ³Έ κ¶¤μ  λ΅λ“: ../../../data/trajectories/circle_envs_10k_temp/trajectory_000000.json
- κ¶¤μ  ID: traj_rb3_000000
- μ›¨μ΄ν¬μΈνΈ μ: 101
B-spline μ¤λ¬΄λ”© μ μ©:
- μ›λ³Έ β†’ μ¤λ¬΄λ”©: 101 β†’ 202 waypoints
- μ„¤μ •: degree=3, smoothing=0.1
\nβ… B-spline κ¶¤μ  μ €μ¥ μ™„λ£:
   νμΌ: ../../../data/trajectories/circle_envs_10k_bsplined/trajectory_000000_bsplined.json
   κ°μ„ μ‚¬ν•­:
   - κ³΅λ¥  λ¶„μ‚°: 100.0%
   - κ°€μ†λ„ λ…Έλ¦„: 50.9%
   - μ €ν¬ λ…Έλ¦„: 51.0%
β… B-spline smoothing completed: trajectory_000000_bsplined.json

=== Processing circle_env_000025 (26/10000) ===
π”§ Generating RRT trajectory for first pose pair...
β… RRT trajectory generated: trajectory_000000.json
π― Applying B-spline smoothing...
μ›λ³Έ κ¶¤μ  λ΅λ“: ../../../data/trajectories/circle_envs_10k_temp/trajectory_000000.json
- κ¶¤μ  ID: traj_rb3_000000
- μ›¨μ΄ν¬μΈνΈ μ: 103
B-spline μ¤λ¬΄λ”© μ μ©:
- μ›λ³Έ β†’ μ¤λ¬΄λ”©: 103 β†’ 206 waypoints
- μ„¤μ •: degree=3, smoothing=0.1
\nβ… B-spline κ¶¤μ  μ €μ¥ μ™„λ£:
   νμΌ: ../../../data/trajectories/circle_envs_10k_bsplined/trajectory_000000_bsplined.json
   κ°μ„ μ‚¬ν•­:
   - κ³΅λ¥  λ¶„μ‚°: 100.0%
   - κ°€μ†λ„ λ…Έλ¦„: 51.0%
   - μ €ν¬ λ…Έλ¦„: 51.0%
β… B-spline smoothing completed: trajectory_000000_bsplined.json

=== Processing circle_env_000026 (27/10000) ===
π”§ Generating RRT trajectory for first pose pair...
β… RRT trajectory generated: trajectory_000000.json
π― Applying B-spline smoothing...
μ›λ³Έ κ¶¤μ  λ΅λ“: ../../../data/trajectories/circle_envs_10k_temp/trajectory_000000.json
- κ¶¤μ  ID: traj_rb3_000000
- μ›¨μ΄ν¬μΈνΈ μ: 216
B-spline μ¤λ¬΄λ”© μ μ©:
- μ›λ³Έ β†’ μ¤λ¬΄λ”©: 216 β†’ 432 waypoints
- μ„¤μ •: degree=3, smoothing=0.1
\nβ… B-spline κ¶¤μ  μ €μ¥ μ™„λ£:
   νμΌ: ../../../data/trajectories/circle_envs_10k_bsplined/trajectory_000000_bsplined.json
   κ°μ„ μ‚¬ν•­:
   - κ³΅λ¥  λ¶„μ‚°: 99.7%
   - κ°€μ†λ„ λ…Έλ¦„: 61.4%
   - μ €ν¬ λ…Έλ¦„: 61.7%
β… B-spline smoothing completed: trajectory_000000_bsplined.json

=== Processing circle_env_000027 (28/10000) ===
π”§ Generating RRT trajectory for first pose pair...
β… RRT trajectory generated: trajectory_000000.json
π― Applying B-spline smoothing...
μ›λ³Έ κ¶¤μ  λ΅λ“: ../../../data/trajectories/circle_envs_10k_temp/trajectory_000000.json
- κ¶¤μ  ID: traj_rb3_000000
- μ›¨μ΄ν¬μΈνΈ μ: 56
B-spline μ¤λ¬΄λ”© μ μ©:
- μ›λ³Έ β†’ μ¤λ¬΄λ”©: 56 β†’ 112 waypoints
- μ„¤μ •: degree=3, smoothing=0.1
\nβ… B-spline κ¶¤μ  μ €μ¥ μ™„λ£:
   νμΌ: ../../../data/trajectories/circle_envs_10k_bsplined/trajectory_000000_bsplined.json
   κ°μ„ μ‚¬ν•­:
   - κ³΅λ¥  λ¶„μ‚°: 100.0%
   - κ°€μ†λ„ λ…Έλ¦„: 98.7%
   - μ €ν¬ λ…Έλ¦„: 100.0%
β… B-spline smoothing completed: trajectory_000000_bsplined.json

=== Processing circle_env_000028 (29/10000) ===
π”§ Generating RRT trajectory for first pose pair...
β… RRT trajectory generated: trajectory_000000.json
π― Applying B-spline smoothing...
μ›λ³Έ κ¶¤μ  λ΅λ“: ../../../data/trajectories/circle_envs_10k_temp/trajectory_000000.json
- κ¶¤μ  ID: traj_rb3_000000
- μ›¨μ΄ν¬μΈνΈ μ: 106
B-spline μ¤λ¬΄λ”© μ μ©:
- μ›λ³Έ β†’ μ¤λ¬΄λ”©: 106 β†’ 212 waypoints
- μ„¤μ •: degree=3, smoothing=0.1
\nβ… B-spline κ¶¤μ  μ €μ¥ μ™„λ£:
   νμΌ: ../../../data/trajectories/circle_envs_10k_bsplined/trajectory_000000_bsplined.json
   κ°μ„ μ‚¬ν•­:
   - κ³΅λ¥  λ¶„μ‚°: 100.0%
   - κ°€μ†λ„ λ…Έλ¦„: 99.8%
   - μ €ν¬ λ…Έλ¦„: 100.0%
β… B-spline smoothing completed: trajectory_000000_bsplined.json

=== Processing circle_env_000029 (30/10000) ===
π”§ Generating RRT trajectory for first pose pair...
β… RRT trajectory generated: trajectory_000000.json
π― Applying B-spline smoothing...
μ›λ³Έ κ¶¤μ  λ΅λ“: ../../../data/trajectories/circle_envs_10k_temp/trajectory_000000.json
- κ¶¤μ  ID: traj_rb3_000000
- μ›¨μ΄ν¬μΈνΈ μ: 210
B-spline μ¤λ¬΄λ”© μ μ©:
- μ›λ³Έ β†’ μ¤λ¬΄λ”©: 210 β†’ 420 waypoints
- μ„¤μ •: degree=3, smoothing=0.1
\nβ… B-spline κ¶¤μ  μ €μ¥ μ™„λ£:
   νμΌ: ../../../data/trajectories/circle_envs_10k_bsplined/trajectory_000000_bsplined.json
   κ°μ„ μ‚¬ν•­:
   - κ³΅λ¥  λ¶„μ‚°: 98.8%
   - κ°€μ†λ„ λ…Έλ¦„: 71.2%
   - μ €ν¬ λ…Έλ¦„: 71.4%
β… B-spline smoothing completed: trajectory_000000_bsplined.json

=== Processing circle_env_000030 (31/10000) ===
π”§ Generating RRT trajectory for first pose pair...
β… RRT trajectory generated: trajectory_000000.json
π― Applying B-spline smoothing...
μ›λ³Έ κ¶¤μ  λ΅λ“: ../../../data/trajectories/circle_envs_10k_temp/trajectory_000000.json
- κ¶¤μ  ID: traj_rb3_000000
- μ›¨μ΄ν¬μΈνΈ μ: 101
B-spline μ¤λ¬΄λ”© μ μ©:
- μ›λ³Έ β†’ μ¤λ¬΄λ”©: 101 β†’ 202 waypoints
- μ„¤μ •: degree=3, smoothing=0.1
\nβ… B-spline κ¶¤μ  μ €μ¥ μ™„λ£:
   νμΌ: ../../../data/trajectories/circle_envs_10k_bsplined/trajectory_000000_bsplined.json
   κ°μ„ μ‚¬ν•­:
   - κ³΅λ¥  λ¶„μ‚°: 100.0%
   - κ°€μ†λ„ λ…Έλ¦„: 50.8%
   - μ €ν¬ λ…Έλ¦„: 51.1%
β… B-spline smoothing completed: trajectory_000000_bsplined.json

=== Processing circle_env_000031 (32/10000) ===
π”§ Generating RRT trajectory for first pose pair...
β… RRT trajectory generated: trajectory_000000.json
π― Applying B-spline smoothing...
μ›λ³Έ κ¶¤μ  λ΅λ“: ../../../data/trajectories/circle_envs_10k_temp/trajectory_000000.json
- κ¶¤μ  ID: traj_rb3_000000
- μ›¨μ΄ν¬μΈνΈ μ: 73
B-spline μ¤λ¬΄λ”© μ μ©:
- μ›λ³Έ β†’ μ¤λ¬΄λ”©: 73 β†’ 146 waypoints
- μ„¤μ •: degree=3, smoothing=0.1
\nβ… B-spline κ¶¤μ  μ €μ¥ μ™„λ£:
   νμΌ: ../../../data/trajectories/circle_envs_10k_bsplined/trajectory_000000_bsplined.json
   κ°μ„ μ‚¬ν•­:
   - κ³΅λ¥  λ¶„μ‚°: 100.0%
   - κ°€μ†λ„ λ…Έλ¦„: 50.9%
   - μ €ν¬ λ…Έλ¦„: 51.3%
β… B-spline smoothing completed: trajectory_000000_bsplined.json

=== Processing circle_env_000032 (33/10000) ===
π”§ Generating RRT trajectory for first pose pair...
β… RRT trajectory generated: trajectory_000000.json
π― Applying B-spline smoothing...
μ›λ³Έ κ¶¤μ  λ΅λ“: ../../../data/trajectories/circle_envs_10k_temp/trajectory_000000.json
- κ¶¤μ  ID: traj_rb3_000000
- μ›¨μ΄ν¬μΈνΈ μ: 88
B-spline μ¤λ¬΄λ”© μ μ©:
- μ›λ³Έ β†’ μ¤λ¬΄λ”©: 88 β†’ 176 waypoints
- μ„¤μ •: degree=3, smoothing=0.1
\nβ… B-spline κ¶¤μ  μ €μ¥ μ™„λ£:
   νμΌ: ../../../data/trajectories/circle_envs_10k_bsplined/trajectory_000000_bsplined.json
   κ°μ„ μ‚¬ν•­:
   - κ³΅λ¥  λ¶„μ‚°: 100.0%
   - κ°€μ†λ„ λ…Έλ¦„: 99.6%
   - μ €ν¬ λ…Έλ¦„: 100.0%
β… B-spline smoothing completed: trajectory_000000_bsplined.json

=== Processing circle_env_000033 (34/10000) ===
π”§ Generating RRT trajectory for first pose pair...
β… RRT trajectory generated: trajectory_000000.json
π― Applying B-spline smoothing...
μ›λ³Έ κ¶¤μ  λ΅λ“: ../../../data/trajectories/circle_envs_10k_temp/trajectory_000000.json
- κ¶¤μ  ID: traj_rb3_000000
- μ›¨μ΄ν¬μΈνΈ μ: 108
B-spline μ¤λ¬΄λ”© μ μ©:
- μ›λ³Έ β†’ μ¤λ¬΄λ”©: 108 β†’ 216 waypoints
- μ„¤μ •: degree=3, smoothing=0.1
\nβ… B-spline κ¶¤μ  μ €μ¥ μ™„λ£:
   νμΌ: ../../../data/trajectories/circle_envs_10k_bsplined/trajectory_000000_bsplined.json
   κ°μ„ μ‚¬ν•­:
   - κ³΅λ¥  λ¶„μ‚°: 100.0%
   - κ°€μ†λ„ λ…Έλ¦„: 99.7%
   - μ €ν¬ λ…Έλ¦„: 100.0%
β… B-spline smoothing completed: trajectory_000000_bsplined.json

=== Processing circle_env_000034 (35/10000) ===
π”§ Generating RRT trajectory for first pose pair...
β… RRT trajectory generated: trajectory_000000.json
π― Applying B-spline smoothing...
μ›λ³Έ κ¶¤μ  λ΅λ“: ../../../data/trajectories/circle_envs_10k_temp/trajectory_000000.json
- κ¶¤μ  ID: traj_rb3_000000
- μ›¨μ΄ν¬μΈνΈ μ: 80
B-spline μ¤λ¬΄λ”© μ μ©:
- μ›λ³Έ β†’ μ¤λ¬΄λ”©: 80 β†’ 160 waypoints
- μ„¤μ •: degree=3, smoothing=0.1
\nβ… B-spline κ¶¤μ  μ €μ¥ μ™„λ£:
   νμΌ: ../../../data/trajectories/circle_envs_10k_bsplined/trajectory_000000_bsplined.json
   κ°μ„ μ‚¬ν•­:
   - κ³΅λ¥  λ¶„μ‚°: 100.0%
   - κ°€μ†λ„ λ…Έλ¦„: 99.8%
   - μ €ν¬ λ…Έλ¦„: 100.0%
β… B-spline smoothing completed: trajectory_000000_bsplined.json

=== Processing circle_env_000035 (36/10000) ===
π”§ Generating RRT trajectory for first pose pair...
β… RRT trajectory generated: trajectory_000000.json
π― Applying B-spline smoothing...
μ›λ³Έ κ¶¤μ  λ΅λ“: ../../../data/trajectories/circle_envs_10k_temp/trajectory_000000.json
- κ¶¤μ  ID: traj_rb3_000000
- μ›¨μ΄ν¬μΈνΈ μ: 83
B-spline μ¤λ¬΄λ”© μ μ©:
- μ›λ³Έ β†’ μ¤λ¬΄λ”©: 83 β†’ 166 waypoints
- μ„¤μ •: degree=3, smoothing=0.1
\nβ… B-spline κ¶¤μ  μ €μ¥ μ™„λ£:
   νμΌ: ../../../data/trajectories/circle_envs_10k_bsplined/trajectory_000000_bsplined.json
   κ°μ„ μ‚¬ν•­:
   - κ³΅λ¥  λ¶„μ‚°: 100.0%
   - κ°€μ†λ„ λ…Έλ¦„: 50.9%
   - μ €ν¬ λ…Έλ¦„: 51.1%
β… B-spline smoothing completed: trajectory_000000_bsplined.json

=== Processing circle_env_000036 (37/10000) ===
π”§ Generating RRT trajectory for first pose pair...
β… RRT trajectory generated: trajectory_000000.json
π― Applying B-spline smoothing...
μ›λ³Έ κ¶¤μ  λ΅λ“: ../../../data/trajectories/circle_envs_10k_temp/trajectory_000000.json
- κ¶¤μ  ID: traj_rb3_000000
- μ›¨μ΄ν¬μΈνΈ μ: 226
B-spline μ¤λ¬΄λ”© μ μ©:
- μ›λ³Έ β†’ μ¤λ¬΄λ”©: 226 β†’ 452 waypoints
- μ„¤μ •: degree=3, smoothing=0.1
\nβ… B-spline κ¶¤μ  μ €μ¥ μ™„λ£:
   νμΌ: ../../../data/trajectories/circle_envs_10k_bsplined/trajectory_000000_bsplined.json
   κ°μ„ μ‚¬ν•­:
   - κ³΅λ¥  λ¶„μ‚°: 99.4%
   - κ°€μ†λ„ λ…Έλ¦„: 59.3%
   - μ €ν¬ λ…Έλ¦„: 59.6%
β… B-spline smoothing completed: trajectory_000000_bsplined.json

=== Processing circle_env_000037 (38/10000) ===
π”§ Generating RRT trajectory for first pose pair...
β… RRT trajectory generated: trajectory_000000.json
π― Applying B-spline smoothing...
μ›λ³Έ κ¶¤μ  λ΅λ“: ../../../data/trajectories/circle_envs_10k_temp/trajectory_000000.json
- κ¶¤μ  ID: traj_rb3_000000
- μ›¨μ΄ν¬μΈνΈ μ: 199
B-spline μ¤λ¬΄λ”© μ μ©:
- μ›λ³Έ β†’ μ¤λ¬΄λ”©: 199 β†’ 398 waypoints
- μ„¤μ •: degree=3, smoothing=0.1
\nβ… B-spline κ¶¤μ  μ €μ¥ μ™„λ£:
   νμΌ: ../../../data/trajectories/circle_envs_10k_bsplined/trajectory_000000_bsplined.json
   κ°μ„ μ‚¬ν•­:
   - κ³΅λ¥  λ¶„μ‚°: 99.9%
   - κ°€μ†λ„ λ…Έλ¦„: 93.9%
   - μ €ν¬ λ…Έλ¦„: 99.2%
β… B-spline smoothing completed: trajectory_000000_bsplined.json

=== Processing circle_env_000038 (39/10000) ===
π”§ Generating RRT trajectory for first pose pair...
β… RRT trajectory generated: trajectory_000000.json
π― Applying B-spline smoothing...
μ›λ³Έ κ¶¤μ  λ΅λ“: ../../../data/trajectories/circle_envs_10k_temp/trajectory_000000.json
- κ¶¤μ  ID: traj_rb3_000000
- μ›¨μ΄ν¬μΈνΈ μ: 73
B-spline μ¤λ¬΄λ”© μ μ©:
- μ›λ³Έ β†’ μ¤λ¬΄λ”©: 73 β†’ 146 waypoints
- μ„¤μ •: degree=3, smoothing=0.1
\nβ… B-spline κ¶¤μ  μ €μ¥ μ™„λ£:
   νμΌ: ../../../data/trajectories/circle_envs_10k_bsplined/trajectory_000000_bsplined.json
   κ°μ„ μ‚¬ν•­:
   - κ³΅λ¥  λ¶„μ‚°: 100.0%
   - κ°€μ†λ„ λ…Έλ¦„: 97.7%
   - μ €ν¬ λ…Έλ¦„: 100.0%
β… B-spline smoothing completed: trajectory_000000_bsplined.json

=== Processing circle_env_000039 (40/10000) ===
π”§ Generating RRT trajectory for first pose pair...
β… RRT trajectory generated: trajectory_000000.json
π― Applying B-spline smoothing...
μ›λ³Έ κ¶¤μ  λ΅λ“: ../../../data/trajectories/circle_envs_10k_temp/trajectory_000000.json
- κ¶¤μ  ID: traj_rb3_000000
- μ›¨μ΄ν¬μΈνΈ μ: 54
B-spline μ¤λ¬΄λ”© μ μ©:
- μ›λ³Έ β†’ μ¤λ¬΄λ”©: 54 β†’ 108 waypoints
- μ„¤μ •: degree=3, smoothing=0.1
\nβ… B-spline κ¶¤μ  μ €μ¥ μ™„λ£:
   νμΌ: ../../../data/trajectories/circle_envs_10k_bsplined/trajectory_000000_bsplined.json
   κ°μ„ μ‚¬ν•­:
   - κ³΅λ¥  λ¶„μ‚°: 100.0%
   - κ°€μ†λ„ λ…Έλ¦„: 96.5%
   - μ €ν¬ λ…Έλ¦„: 99.9%
β… B-spline smoothing completed: trajectory_000000_bsplined.json

=== Processing circle_env_000040 (41/10000) ===
π”§ Generating RRT trajectory for first pose pair...
β… RRT trajectory generated: trajectory_000000.json
π― Applying B-spline smoothing...
μ›λ³Έ κ¶¤μ  λ΅λ“: ../../../data/trajectories/circle_envs_10k_temp/trajectory_000000.json
- κ¶¤μ  ID: traj_rb3_000000
- μ›¨μ΄ν¬μΈνΈ μ: 53
B-spline μ¤λ¬΄λ”© μ μ©:
- μ›λ³Έ β†’ μ¤λ¬΄λ”©: 53 β†’ 106 waypoints
- μ„¤μ •: degree=3, smoothing=0.1
\nβ… B-spline κ¶¤μ  μ €μ¥ μ™„λ£:
   νμΌ: ../../../data/trajectories/circle_envs_10k_bsplined/trajectory_000000_bsplined.json
   κ°μ„ μ‚¬ν•­:
   - κ³΅λ¥  λ¶„μ‚°: 100.0%
   - κ°€μ†λ„ λ…Έλ¦„: 99.1%
   - μ €ν¬ λ…Έλ¦„: 100.0%
β… B-spline smoothing completed: trajectory_000000_bsplined.json

=== Processing circle_env_000041 (42/10000) ===
π”§ Generating RRT trajectory for first pose pair...
β… RRT trajectory generated: trajectory_000000.json
π― Applying B-spline smoothing...
μ›λ³Έ κ¶¤μ  λ΅λ“: ../../../data/trajectories/circle_envs_10k_temp/trajectory_000000.json
- κ¶¤μ  ID: traj_rb3_000000
- μ›¨μ΄ν¬μΈνΈ μ: 119
B-spline μ¤λ¬΄λ”© μ μ©:
- μ›λ³Έ β†’ μ¤λ¬΄λ”©: 119 β†’ 238 waypoints
- μ„¤μ •: degree=3, smoothing=0.1
\nβ… B-spline κ¶¤μ  μ €μ¥ μ™„λ£:
   νμΌ: ../../../data/trajectories/circle_envs_10k_bsplined/trajectory_000000_bsplined.json
   κ°μ„ μ‚¬ν•­:
   - κ³΅λ¥  λ¶„μ‚°: 100.0%
   - κ°€μ†λ„ λ…Έλ¦„: 99.8%
   - μ €ν¬ λ…Έλ¦„: 100.0%
β… B-spline smoothing completed: trajectory_000000_bsplined.json

=== Processing circle_env_000042 (43/10000) ===
π”§ Generating RRT trajectory for first pose pair...
β… RRT trajectory generated: trajectory_000000.json
π― Applying B-spline smoothing...
μ›λ³Έ κ¶¤μ  λ΅λ“: ../../../data/trajectories/circle_envs_10k_temp/trajectory_000000.json
- κ¶¤μ  ID: traj_rb3_000000
- μ›¨μ΄ν¬μΈνΈ μ: 125
B-spline μ¤λ¬΄λ”© μ μ©:
- μ›λ³Έ β†’ μ¤λ¬΄λ”©: 125 β†’ 250 waypoints
- μ„¤μ •: degree=3, smoothing=0.1
\nβ… B-spline κ¶¤μ  μ €μ¥ μ™„λ£:
   νμΌ: ../../../data/trajectories/circle_envs_10k_bsplined/trajectory_000000_bsplined.json
   κ°μ„ μ‚¬ν•­:
   - κ³΅λ¥  λ¶„μ‚°: 97.3%
   - κ°€μ†λ„ λ…Έλ¦„: 94.8%
   - μ €ν¬ λ…Έλ¦„: 99.5%
β… B-spline smoothing completed: trajectory_000000_bsplined.json

=== Processing circle_env_000043 (44/10000) ===
π”§ Generating RRT trajectory for first pose pair...
β… RRT trajectory generated: trajectory_000000.json
π― Applying B-spline smoothing...
μ›λ³Έ κ¶¤μ  λ΅λ“: ../../../data/trajectories/circle_envs_10k_temp/trajectory_000000.json
- κ¶¤μ  ID: traj_rb3_000000
- μ›¨μ΄ν¬μΈνΈ μ: 54
B-spline μ¤λ¬΄λ”© μ μ©:
- μ›λ³Έ β†’ μ¤λ¬΄λ”©: 54 β†’ 108 waypoints
- μ„¤μ •: degree=3, smoothing=0.1
\nβ… B-spline κ¶¤μ  μ €μ¥ μ™„λ£:
   νμΌ: ../../../data/trajectories/circle_envs_10k_bsplined/trajectory_000000_bsplined.json
   κ°μ„ μ‚¬ν•­:
   - κ³΅λ¥  λ¶„μ‚°: 100.0%
   - κ°€μ†λ„ λ…Έλ¦„: 98.6%
   - μ €ν¬ λ…Έλ¦„: 99.9%
β… B-spline smoothing completed: trajectory_000000_bsplined.json

=== Processing circle_env_000044 (45/10000) ===
π”§ Generating RRT trajectory for first pose pair...
β… RRT trajectory generated: trajectory_000000.json
π― Applying B-spline smoothing...
μ›λ³Έ κ¶¤μ  λ΅λ“: ../../../data/trajectories/circle_envs_10k_temp/trajectory_000000.json
- κ¶¤μ  ID: traj_rb3_000000
- μ›¨μ΄ν¬μΈνΈ μ: 203
B-spline μ¤λ¬΄λ”© μ μ©:
- μ›λ³Έ β†’ μ¤λ¬΄λ”©: 203 β†’ 406 waypoints
- μ„¤μ •: degree=3, smoothing=0.1
\nβ… B-spline κ¶¤μ  μ €μ¥ μ™„λ£:
   νμΌ: ../../../data/trajectories/circle_envs_10k_bsplined/trajectory_000000_bsplined.json
   κ°μ„ μ‚¬ν•­:
   - κ³΅λ¥  λ¶„μ‚°: 99.4%
   - κ°€μ†λ„ λ…Έλ¦„: 97.5%
   - μ €ν¬ λ…Έλ¦„: 99.8%
β… B-spline smoothing completed: trajectory_000000_bsplined.json

=== Processing circle_env_000045 (46/10000) ===
π”§ Generating RRT trajectory for first pose pair...
β… RRT trajectory generated: trajectory_000000.json
π― Applying B-spline smoothing...
μ›λ³Έ κ¶¤μ  λ΅λ“: ../../../data/trajectories/circle_envs_10k_temp/trajectory_000000.json
- κ¶¤μ  ID: traj_rb3_000000
- μ›¨μ΄ν¬μΈνΈ μ: 171
B-spline μ¤λ¬΄λ”© μ μ©:
- μ›λ³Έ β†’ μ¤λ¬΄λ”©: 171 β†’ 342 waypoints
- μ„¤μ •: degree=3, smoothing=0.1
\nβ… B-spline κ¶¤μ  μ €μ¥ μ™„λ£:
   νμΌ: ../../../data/trajectories/circle_envs_10k_bsplined/trajectory_000000_bsplined.json
   κ°μ„ μ‚¬ν•­:
   - κ³΅λ¥  λ¶„μ‚°: 100.0%
   - κ°€μ†λ„ λ…Έλ¦„: 99.8%
   - μ €ν¬ λ…Έλ¦„: 100.0%
β… B-spline smoothing completed: trajectory_000000_bsplined.json

=== Processing circle_env_000046 (47/10000) ===
π”§ Generating RRT trajectory for first pose pair...
β… RRT trajectory generated: trajectory_000000.json
π― Applying B-spline smoothing...
μ›λ³Έ κ¶¤μ  λ΅λ“: ../../../data/trajectories/circle_envs_10k_temp/trajectory_000000.json
- κ¶¤μ  ID: traj_rb3_000000
- μ›¨μ΄ν¬μΈνΈ μ: 224
B-spline μ¤λ¬΄λ”© μ μ©:
- μ›λ³Έ β†’ μ¤λ¬΄λ”©: 224 β†’ 448 waypoints
- μ„¤μ •: degree=3, smoothing=0.1
\nβ… B-spline κ¶¤μ  μ €μ¥ μ™„λ£:
   νμΌ: ../../../data/trajectories/circle_envs_10k_bsplined/trajectory_000000_bsplined.json
   κ°μ„ μ‚¬ν•­:
   - κ³΅λ¥  λ¶„μ‚°: 97.7%
   - κ°€μ†λ„ λ…Έλ¦„: 91.6%
   - μ €ν¬ λ…Έλ¦„: 98.9%
β… B-spline smoothing completed: trajectory_000000_bsplined.json

=== Processing circle_env_000047 (48/10000) ===
π”§ Generating RRT trajectory for first pose pair...
β… RRT trajectory generated: trajectory_000000.json
π― Applying B-spline smoothing...
μ›λ³Έ κ¶¤μ  λ΅λ“: ../../../data/trajectories/circle_envs_10k_temp/trajectory_000000.json
- κ¶¤μ  ID: traj_rb3_000000
- μ›¨μ΄ν¬μΈνΈ μ: 79
B-spline μ¤λ¬΄λ”© μ μ©:
- μ›λ³Έ β†’ μ¤λ¬΄λ”©: 79 β†’ 158 waypoints
- μ„¤μ •: degree=3, smoothing=0.1
\nβ… B-spline κ¶¤μ  μ €μ¥ μ™„λ£:
   νμΌ: ../../../data/trajectories/circle_envs_10k_bsplined/trajectory_000000_bsplined.json
   κ°μ„ μ‚¬ν•­:
   - κ³΅λ¥  λ¶„μ‚°: 100.0%
   - κ°€μ†λ„ λ…Έλ¦„: 99.7%
   - μ €ν¬ λ…Έλ¦„: 100.0%
β… B-spline smoothing completed: trajectory_000000_bsplined.json

=== Processing circle_env_000048 (49/10000) ===
π”§ Generating RRT trajectory for first pose pair...
β… RRT trajectory generated: trajectory_000000.json
π― Applying B-spline smoothing...
μ›λ³Έ κ¶¤μ  λ΅λ“: ../../../data/trajectories/circle_envs_10k_temp/trajectory_000000.json
- κ¶¤μ  ID: traj_rb3_000000
- μ›¨μ΄ν¬μΈνΈ μ: 176
B-spline μ¤λ¬΄λ”© μ μ©:
- μ›λ³Έ β†’ μ¤λ¬΄λ”©: 176 β†’ 352 waypoints
- μ„¤μ •: degree=3, smoothing=0.1
\nβ… B-spline κ¶¤μ  μ €μ¥ μ™„λ£:
   νμΌ: ../../../data/trajectories/circle_envs_10k_bsplined/trajectory_000000_bsplined.json
   κ°μ„ μ‚¬ν•­:
   - κ³΅λ¥  λ¶„μ‚°: 100.0%
   - κ°€μ†λ„ λ…Έλ¦„: 96.4%
   - μ €ν¬ λ…Έλ¦„: 99.9%
β… B-spline smoothing completed: trajectory_000000_bsplined.json

=== Processing circle_env_000049 (50/10000) ===
π”§ Generating RRT trajectory for first pose pair...
β… RRT trajectory generated: trajectory_000000.json
π― Applying B-spline smoothing...
μ›λ³Έ κ¶¤μ  λ΅λ“: ../../../data/trajectories/circle_envs_10k_temp/trajectory_000000.json
- κ¶¤μ  ID: traj_rb3_000000
- μ›¨μ΄ν¬μΈνΈ μ: 216
B-spline μ¤λ¬΄λ”© μ μ©:
- μ›λ³Έ β†’ μ¤λ¬΄λ”©: 216 β†’ 432 waypoints
- μ„¤μ •: degree=3, smoothing=0.1
\nβ… B-spline κ¶¤μ  μ €μ¥ μ™„λ£:
   νμΌ: ../../../data/trajectories/circle_envs_10k_bsplined/trajectory_000000_bsplined.json
   κ°μ„ μ‚¬ν•­:
   - κ³΅λ¥  λ¶„μ‚°: 99.6%
   - κ°€μ†λ„ λ…Έλ¦„: 58.7%
   - μ €ν¬ λ…Έλ¦„: 59.2%
β… B-spline smoothing completed: trajectory_000000_bsplined.json

=== Processing circle_env_000050 (51/10000) ===
π”§ Generating RRT trajectory for first pose pair...
β… RRT trajectory generated: trajectory_000000.json
π― Applying B-spline smoothing...
μ›λ³Έ κ¶¤μ  λ΅λ“: ../../../data/trajectories/circle_envs_10k_temp/trajectory_000000.json
- κ¶¤μ  ID: traj_rb3_000000
- μ›¨μ΄ν¬μΈνΈ μ: 68
B-spline μ¤λ¬΄λ”© μ μ©:
- μ›λ³Έ β†’ μ¤λ¬΄λ”©: 68 β†’ 136 waypoints
- μ„¤μ •: degree=3, smoothing=0.1
\nβ… B-spline κ¶¤μ  μ €μ¥ μ™„λ£:
   νμΌ: ../../../data/trajectories/circle_envs_10k_bsplined/trajectory_000000_bsplined.json
   κ°μ„ μ‚¬ν•­:
   - κ³΅λ¥  λ¶„μ‚°: 100.0%
   - κ°€μ†λ„ λ…Έλ¦„: 51.2%
   - μ €ν¬ λ…Έλ¦„: 51.4%
β… B-spline smoothing completed: trajectory_000000_bsplined.json

=== Processing circle_env_000051 (52/10000) ===
π”§ Generating RRT trajectory for first pose pair...
β… RRT trajectory generated: trajectory_000000.json
π― Applying B-spline smoothing...
μ›λ³Έ κ¶¤μ  λ΅λ“: ../../../data/trajectories/circle_envs_10k_temp/trajectory_000000.json
- κ¶¤μ  ID: traj_rb3_000000
- μ›¨μ΄ν¬μΈνΈ μ: 131
B-spline μ¤λ¬΄λ”© μ μ©:
- μ›λ³Έ β†’ μ¤λ¬΄λ”©: 131 β†’ 262 waypoints
- μ„¤μ •: degree=3, smoothing=0.1
\nβ… B-spline κ¶¤μ  μ €μ¥ μ™„λ£:
   νμΌ: ../../../data/trajectories/circle_envs_10k_bsplined/trajectory_000000_bsplined.json
   κ°μ„ μ‚¬ν•­:
   - κ³΅λ¥  λ¶„μ‚°: 100.0%
   - κ°€μ†λ„ λ…Έλ¦„: 99.6%
   - μ €ν¬ λ…Έλ¦„: 100.0%
β… B-spline smoothing completed: trajectory_000000_bsplined.json

=== Processing circle_env_000052 (53/10000) ===
π”§ Generating RRT trajectory for first pose pair...
β… RRT trajectory generated: trajectory_000000.json
π― Applying B-spline smoothing...
μ›λ³Έ κ¶¤μ  λ΅λ“: ../../../data/trajectories/circle_envs_10k_temp/trajectory_000000.json
- κ¶¤μ  ID: traj_rb3_000000
- μ›¨μ΄ν¬μΈνΈ μ: 245
B-spline μ¤λ¬΄λ”© μ μ©:
- μ›λ³Έ β†’ μ¤λ¬΄λ”©: 245 β†’ 490 waypoints
- μ„¤μ •: degree=3, smoothing=0.1
\nβ… B-spline κ¶¤μ  μ €μ¥ μ™„λ£:
   νμΌ: ../../../data/trajectories/circle_envs_10k_bsplined/trajectory_000000_bsplined.json
   κ°μ„ μ‚¬ν•­:
   - κ³΅λ¥  λ¶„μ‚°: 99.4%
   - κ°€μ†λ„ λ…Έλ¦„: 97.0%
   - μ €ν¬ λ…Έλ¦„: 99.8%
β… B-spline smoothing completed: trajectory_000000_bsplined.json

=== Processing circle_env_000053 (54/10000) ===
π”§ Generating RRT trajectory for first pose pair...
β… RRT trajectory generated: trajectory_000000.json
π― Applying B-spline smoothing...
μ›λ³Έ κ¶¤μ  λ΅λ“: ../../../data/trajectories/circle_envs_10k_temp/trajectory_000000.json
- κ¶¤μ  ID: traj_rb3_000000
- μ›¨μ΄ν¬μΈνΈ μ: 68
B-spline μ¤λ¬΄λ”© μ μ©:
- μ›λ³Έ β†’ μ¤λ¬΄λ”©: 68 β†’ 136 waypoints
- μ„¤μ •: degree=3, smoothing=0.1
\nβ… B-spline κ¶¤μ  μ €μ¥ μ™„λ£:
   νμΌ: ../../../data/trajectories/circle_envs_10k_bsplined/trajectory_000000_bsplined.json
   κ°μ„ μ‚¬ν•­:
   - κ³΅λ¥  λ¶„μ‚°: 100.0%
   - κ°€μ†λ„ λ…Έλ¦„: 51.0%
   - μ €ν¬ λ…Έλ¦„: 51.3%
β… B-spline smoothing completed: trajectory_000000_bsplined.json

=== Processing circle_env_000054 (55/10000) ===
π”§ Generating RRT trajectory for first pose pair...
β… RRT trajectory generated: trajectory_000000.json
π― Applying B-spline smoothing...
μ›λ³Έ κ¶¤μ  λ΅λ“: ../../../data/trajectories/circle_envs_10k_temp/trajectory_000000.json
- κ¶¤μ  ID: traj_rb3_000000
- μ›¨μ΄ν¬μΈνΈ μ: 115
B-spline μ¤λ¬΄λ”© μ μ©:
- μ›λ³Έ β†’ μ¤λ¬΄λ”©: 115 β†’ 230 waypoints
- μ„¤μ •: degree=3, smoothing=0.1
\nβ… B-spline κ¶¤μ  μ €μ¥ μ™„λ£:
   νμΌ: ../../../data/trajectories/circle_envs_10k_bsplined/trajectory_000000_bsplined.json
   κ°μ„ μ‚¬ν•­:
   - κ³΅λ¥  λ¶„μ‚°: 100.0%
   - κ°€μ†λ„ λ…Έλ¦„: 98.2%
   - μ €ν¬ λ…Έλ¦„: 100.0%
β… B-spline smoothing completed: trajectory_000000_bsplined.json

=== Processing circle_env_000055 (56/10000) ===
π”§ Generating RRT trajectory for first pose pair...
β… RRT trajectory generated: trajectory_000000.json
π― Applying B-spline smoothing...
μ›λ³Έ κ¶¤μ  λ΅λ“: ../../../data/trajectories/circle_envs_10k_temp/trajectory_000000.json
- κ¶¤μ  ID: traj_rb3_000000
- μ›¨μ΄ν¬μΈνΈ μ: 182
B-spline μ¤λ¬΄λ”© μ μ©:
- μ›λ³Έ β†’ μ¤λ¬΄λ”©: 182 β†’ 364 waypoints
- μ„¤μ •: degree=3, smoothing=0.1
\nβ… B-spline κ¶¤μ  μ €μ¥ μ™„λ£:
   νμΌ: ../../../data/trajectories/circle_envs_10k_bsplined/trajectory_000000_bsplined.json
   κ°μ„ μ‚¬ν•­:
   - κ³΅λ¥  λ¶„μ‚°: 99.2%
   - κ°€μ†λ„ λ…Έλ¦„: 97.9%
   - μ €ν¬ λ…Έλ¦„: 99.8%
β… B-spline smoothing completed: trajectory_000000_bsplined.json

=== Processing circle_env_000056 (57/10000) ===
π”§ Generating RRT trajectory for first pose pair...
β… RRT trajectory generated: trajectory_000000.json
π― Applying B-spline smoothing...
μ›λ³Έ κ¶¤μ  λ΅λ“: ../../../data/trajectories/circle_envs_10k_temp/trajectory_000000.json
- κ¶¤μ  ID: traj_rb3_000000
- μ›¨μ΄ν¬μΈνΈ μ: 289
B-spline μ¤λ¬΄λ”© μ μ©:
- μ›λ³Έ β†’ μ¤λ¬΄λ”©: 289 β†’ 578 waypoints
- μ„¤μ •: degree=3, smoothing=0.1
\nβ… B-spline κ¶¤μ  μ €μ¥ μ™„λ£:
   νμΌ: ../../../data/trajectories/circle_envs_10k_bsplined/trajectory_000000_bsplined.json
   κ°μ„ μ‚¬ν•­:
   - κ³΅λ¥  λ¶„μ‚°: 99.6%
   - κ°€μ†λ„ λ…Έλ¦„: 96.7%
   - μ €ν¬ λ…Έλ¦„: 99.7%
β… B-spline smoothing completed: trajectory_000000_bsplined.json

=== Processing circle_env_000057 (58/10000) ===
π”§ Generating RRT trajectory for first pose pair...
β… RRT trajectory generated: trajectory_000000.json
π― Applying B-spline smoothing...
μ›λ³Έ κ¶¤μ  λ΅λ“: ../../../data/trajectories/circle_envs_10k_temp/trajectory_000000.json
- κ¶¤μ  ID: traj_rb3_000000
- μ›¨μ΄ν¬μΈνΈ μ: 70
B-spline μ¤λ¬΄λ”© μ μ©:
- μ›λ³Έ β†’ μ¤λ¬΄λ”©: 70 β†’ 140 waypoints
- μ„¤μ •: degree=3, smoothing=0.1
\nβ… B-spline κ¶¤μ  μ €μ¥ μ™„λ£:
   νμΌ: ../../../data/trajectories/circle_envs_10k_bsplined/trajectory_000000_bsplined.json
   κ°μ„ μ‚¬ν•­:
   - κ³΅λ¥  λ¶„μ‚°: 100.0%
   - κ°€μ†λ„ λ…Έλ¦„: 99.3%
   - μ €ν¬ λ…Έλ¦„: 100.0%
β… B-spline smoothing completed: trajectory_000000_bsplined.json

=== Processing circle_env_000058 (59/10000) ===
π”§ Generating RRT trajectory for first pose pair...
β… RRT trajectory generated: trajectory_000000.json
π― Applying B-spline smoothing...
μ›λ³Έ κ¶¤μ  λ΅λ“: ../../../data/trajectories/circle_envs_10k_temp/trajectory_000000.json
- κ¶¤μ  ID: traj_rb3_000000
- μ›¨μ΄ν¬μΈνΈ μ: 204
B-spline μ¤λ¬΄λ”© μ μ©:
- μ›λ³Έ β†’ μ¤λ¬΄λ”©: 204 β†’ 408 waypoints
- μ„¤μ •: degree=3, smoothing=0.1
\nβ… B-spline κ¶¤μ  μ €μ¥ μ™„λ£:
   νμΌ: ../../../data/trajectories/circle_envs_10k_bsplined/trajectory_000000_bsplined.json
   κ°μ„ μ‚¬ν•­:
   - κ³΅λ¥  λ¶„μ‚°: 99.2%
   - κ°€μ†λ„ λ…Έλ¦„: 96.2%
   - μ €ν¬ λ…Έλ¦„: 99.8%
β… B-spline smoothing completed: trajectory_000000_bsplined.json

=== Processing circle_env_000059 (60/10000) ===
π”§ Generating RRT trajectory for first pose pair...
β… RRT trajectory generated: trajectory_000000.json
π― Applying B-spline smoothing...
μ›λ³Έ κ¶¤μ  λ΅λ“: ../../../data/trajectories/circle_envs_10k_temp/trajectory_000000.json
- κ¶¤μ  ID: traj_rb3_000000
- μ›¨μ΄ν¬μΈνΈ μ: 115
B-spline μ¤λ¬΄λ”© μ μ©:
- μ›λ³Έ β†’ μ¤λ¬΄λ”©: 115 β†’ 230 waypoints
- μ„¤μ •: degree=3, smoothing=0.1
\nβ… B-spline κ¶¤μ  μ €μ¥ μ™„λ£:
   νμΌ: ../../../data/trajectories/circle_envs_10k_bsplined/trajectory_000000_bsplined.json
   κ°μ„ μ‚¬ν•­:
   - κ³΅λ¥  λ¶„μ‚°: 100.0%
   - κ°€μ†λ„ λ…Έλ¦„: 99.7%
   - μ €ν¬ λ…Έλ¦„: 100.0%
β… B-spline smoothing completed: trajectory_000000_bsplined.json

=== Processing circle_env_000060 (61/10000) ===
π”§ Generating RRT trajectory for first pose pair...
β… RRT trajectory generated: trajectory_000000.json
π― Applying B-spline smoothing...
μ›λ³Έ κ¶¤μ  λ΅λ“: ../../../data/trajectories/circle_envs_10k_temp/trajectory_000000.json
- κ¶¤μ  ID: traj_rb3_000000
- μ›¨μ΄ν¬μΈνΈ μ: 459
B-spline μ¤λ¬΄λ”© μ μ©:
- μ›λ³Έ β†’ μ¤λ¬΄λ”©: 459 β†’ 918 waypoints
- μ„¤μ •: degree=3, smoothing=0.1
\nβ… B-spline κ¶¤μ  μ €μ¥ μ™„λ£:
   νμΌ: ../../../data/trajectories/circle_envs_10k_bsplined/trajectory_000000_bsplined.json
   κ°μ„ μ‚¬ν•­:
   - κ³΅λ¥  λ¶„μ‚°: 99.2%
   - κ°€μ†λ„ λ…Έλ¦„: 94.2%
   - μ €ν¬ λ…Έλ¦„: 99.3%
β… B-spline smoothing completed: trajectory_000000_bsplined.json

=== Processing circle_env_000061 (62/10000) ===
π”§ Generating RRT trajectory for first pose pair...
β… RRT trajectory generated: trajectory_000000.json
π― Applying B-spline smoothing...
μ›λ³Έ κ¶¤μ  λ΅λ“: ../../../data/trajectories/circle_envs_10k_temp/trajectory_000000.json
- κ¶¤μ  ID: traj_rb3_000000
- μ›¨μ΄ν¬μΈνΈ μ: 59
B-spline μ¤λ¬΄λ”© μ μ©:
- μ›λ³Έ β†’ μ¤λ¬΄λ”©: 59 β†’ 118 waypoints
- μ„¤μ •: degree=3, smoothing=0.1
\nβ… B-spline κ¶¤μ  μ €μ¥ μ™„λ£:
   νμΌ: ../../../data/trajectories/circle_envs_10k_bsplined/trajectory_000000_bsplined.json
   κ°μ„ μ‚¬ν•­:
   - κ³΅λ¥  λ¶„μ‚°: 100.0%
   - κ°€μ†λ„ λ…Έλ¦„: 51.2%
   - μ €ν¬ λ…Έλ¦„: 51.6%
β… B-spline smoothing completed: trajectory_000000_bsplined.json

=== Processing circle_env_000062 (63/10000) ===
π”§ Generating RRT trajectory for first pose pair...
β… RRT trajectory generated: trajectory_000000.json
π― Applying B-spline smoothing...
μ›λ³Έ κ¶¤μ  λ΅λ“: ../../../data/trajectories/circle_envs_10k_temp/trajectory_000000.json
- κ¶¤μ  ID: traj_rb3_000000
- μ›¨μ΄ν¬μΈνΈ μ: 102
B-spline μ¤λ¬΄λ”© μ μ©:
- μ›λ³Έ β†’ μ¤λ¬΄λ”©: 102 β†’ 204 waypoints
- μ„¤μ •: degree=3, smoothing=0.1
\nβ… B-spline κ¶¤μ  μ €μ¥ μ™„λ£:
   νμΌ: ../../../data/trajectories/circle_envs_10k_bsplined/trajectory_000000_bsplined.json
   κ°μ„ μ‚¬ν•­:
   - κ³΅λ¥  λ¶„μ‚°: 100.0%
   - κ°€μ†λ„ λ…Έλ¦„: 50.7%
   - μ €ν¬ λ…Έλ¦„: 50.9%
β… B-spline smoothing completed: trajectory_000000_bsplined.json

=== Processing circle_env_000063 (64/10000) ===
π”§ Generating RRT trajectory for first pose pair...
β… RRT trajectory generated: trajectory_000000.json
π― Applying B-spline smoothing...
μ›λ³Έ κ¶¤μ  λ΅λ“: ../../../data/trajectories/circle_envs_10k_temp/trajectory_000000.json
- κ¶¤μ  ID: traj_rb3_000000
- μ›¨μ΄ν¬μΈνΈ μ: 240
B-spline μ¤λ¬΄λ”© μ μ©:
- μ›λ³Έ β†’ μ¤λ¬΄λ”©: 240 β†’ 480 waypoints
- μ„¤μ •: degree=3, smoothing=0.1
\nβ… B-spline κ¶¤μ  μ €μ¥ μ™„λ£:
   νμΌ: ../../../data/trajectories/circle_envs_10k_bsplined/trajectory_000000_bsplined.json
   κ°μ„ μ‚¬ν•­:
   - κ³΅λ¥  λ¶„μ‚°: 96.4%
   - κ°€μ†λ„ λ…Έλ¦„: 93.4%
   - μ €ν¬ λ…Έλ¦„: 99.4%
β… B-spline smoothing completed: trajectory_000000_bsplined.json

=== Processing circle_env_000064 (65/10000) ===
π”§ Generating RRT trajectory for first pose pair...
β… RRT trajectory generated: trajectory_000000.json
π― Applying B-spline smoothing...
μ›λ³Έ κ¶¤μ  λ΅λ“: ../../../data/trajectories/circle_envs_10k_temp/trajectory_000000.json
- κ¶¤μ  ID: traj_rb3_000000
- μ›¨μ΄ν¬μΈνΈ μ: 25
B-spline μ¤λ¬΄λ”© μ μ©:
- μ›λ³Έ β†’ μ¤λ¬΄λ”©: 25 β†’ 50 waypoints
- μ„¤μ •: degree=3, smoothing=0.1
\nβ… B-spline κ¶¤μ  μ €μ¥ μ™„λ£:
   νμΌ: ../../../data/trajectories/circle_envs_10k_bsplined/trajectory_000000_bsplined.json
   κ°μ„ μ‚¬ν•­:
   - κ³΅λ¥  λ¶„μ‚°: 100.0%
   - κ°€μ†λ„ λ…Έλ¦„: 95.9%
   - μ €ν¬ λ…Έλ¦„: 99.8%
β… B-spline smoothing completed: trajectory_000000_bsplined.json

=== Processing circle_env_000065 (66/10000) ===
π”§ Generating RRT trajectory for first pose pair...
β… RRT trajectory generated: trajectory_000000.json
π― Applying B-spline smoothing...
μ›λ³Έ κ¶¤μ  λ΅λ“: ../../../data/trajectories/circle_envs_10k_temp/trajectory_000000.json
- κ¶¤μ  ID: traj_rb3_000000
- μ›¨μ΄ν¬μΈνΈ μ: 253
B-spline μ¤λ¬΄λ”© μ μ©:
- μ›λ³Έ β†’ μ¤λ¬΄λ”©: 253 β†’ 506 waypoints
- μ„¤μ •: degree=3, smoothing=0.1
\nβ… B-spline κ¶¤μ  μ €μ¥ μ™„λ£:
   νμΌ: ../../../data/trajectories/circle_envs_10k_bsplined/trajectory_000000_bsplined.json
   κ°μ„ μ‚¬ν•­:
   - κ³΅λ¥  λ¶„μ‚°: 99.2%
   - κ°€μ†λ„ λ…Έλ¦„: 61.7%
   - μ €ν¬ λ…Έλ¦„: 62.2%
β… B-spline smoothing completed: trajectory_000000_bsplined.json

=== Processing circle_env_000066 (67/10000) ===
π”§ Generating RRT trajectory for first pose pair...
β… RRT trajectory generated: trajectory_000000.json
π― Applying B-spline smoothing...
μ›λ³Έ κ¶¤μ  λ΅λ“: ../../../data/trajectories/circle_envs_10k_temp/trajectory_000000.json
- κ¶¤μ  ID: traj_rb3_000000
- μ›¨μ΄ν¬μΈνΈ μ: 197
B-spline μ¤λ¬΄λ”© μ μ©:
- μ›λ³Έ β†’ μ¤λ¬΄λ”©: 197 β†’ 394 waypoints
- μ„¤μ •: degree=3, smoothing=0.1
\nβ… B-spline κ¶¤μ  μ €μ¥ μ™„λ£:
   νμΌ: ../../../data/trajectories/circle_envs_10k_bsplined/trajectory_000000_bsplined.json
   κ°μ„ μ‚¬ν•­:
   - κ³΅λ¥  λ¶„μ‚°: 99.1%
   - κ°€μ†λ„ λ…Έλ¦„: 93.4%
   - μ €ν¬ λ…Έλ¦„: 99.5%
β… B-spline smoothing completed: trajectory_000000_bsplined.json

=== Processing circle_env_000067 (68/10000) ===
π”§ Generating RRT trajectory for first pose pair...
β… RRT trajectory generated: trajectory_000000.json
π― Applying B-spline smoothing...
μ›λ³Έ κ¶¤μ  λ΅λ“: ../../../data/trajectories/circle_envs_10k_temp/trajectory_000000.json
- κ¶¤μ  ID: traj_rb3_000000
- μ›¨μ΄ν¬μΈνΈ μ: 131
B-spline μ¤λ¬΄λ”© μ μ©:
- μ›λ³Έ β†’ μ¤λ¬΄λ”©: 131 β†’ 262 waypoints
- μ„¤μ •: degree=3, smoothing=0.1
\nβ… B-spline κ¶¤μ  μ €μ¥ μ™„λ£:
   νμΌ: ../../../data/trajectories/circle_envs_10k_bsplined/trajectory_000000_bsplined.json
   κ°μ„ μ‚¬ν•­:
   - κ³΅λ¥  λ¶„μ‚°: 98.5%
   - κ°€μ†λ„ λ…Έλ¦„: 94.1%
   - μ €ν¬ λ…Έλ¦„: 99.9%
β… B-spline smoothing completed: trajectory_000000_bsplined.json

=== Processing circle_env_000068 (69/10000) ===
π”§ Generating RRT trajectory for first pose pair...
β… RRT trajectory generated: trajectory_000000.json
π― Applying B-spline smoothing...
μ›λ³Έ κ¶¤μ  λ΅λ“: ../../../data/trajectories/circle_envs_10k_temp/trajectory_000000.json
- κ¶¤μ  ID: traj_rb3_000000
- μ›¨μ΄ν¬μΈνΈ μ: 103
B-spline μ¤λ¬΄λ”© μ μ©:
- μ›λ³Έ β†’ μ¤λ¬΄λ”©: 103 β†’ 206 waypoints
- μ„¤μ •: degree=3, smoothing=0.1
\nβ… B-spline κ¶¤μ  μ €μ¥ μ™„λ£:
   νμΌ: ../../../data/trajectories/circle_envs_10k_bsplined/trajectory_000000_bsplined.json
   κ°μ„ μ‚¬ν•­:
   - κ³΅λ¥  λ¶„μ‚°: 100.0%
   - κ°€μ†λ„ λ…Έλ¦„: 99.6%
   - μ €ν¬ λ…Έλ¦„: 100.0%
β… B-spline smoothing completed: trajectory_000000_bsplined.json

=== Processing circle_env_000069 (70/10000) ===
π”§ Generating RRT trajectory for first pose pair...
β… RRT trajectory generated: trajectory_000000.json
π― Applying B-spline smoothing...
μ›λ³Έ κ¶¤μ  λ΅λ“: ../../../data/trajectories/circle_envs_10k_temp/trajectory_000000.json
- κ¶¤μ  ID: traj_rb3_000000
- μ›¨μ΄ν¬μΈνΈ μ: 51
B-spline μ¤λ¬΄λ”© μ μ©:
- μ›λ³Έ β†’ μ¤λ¬΄λ”©: 51 β†’ 102 waypoints
- μ„¤μ •: degree=3, smoothing=0.1
\nβ… B-spline κ¶¤μ  μ €μ¥ μ™„λ£:
   νμΌ: ../../../data/trajectories/circle_envs_10k_bsplined/trajectory_000000_bsplined.json
   κ°μ„ μ‚¬ν•­:
   - κ³΅λ¥  λ¶„μ‚°: 100.0%
   - κ°€μ†λ„ λ…Έλ¦„: 97.6%
   - μ €ν¬ λ…Έλ¦„: 99.9%
β… B-spline smoothing completed: trajectory_000000_bsplined.json

=== Processing circle_env_000070 (71/10000) ===
π”§ Generating RRT trajectory for first pose pair...
β… RRT trajectory generated: trajectory_000000.json
π― Applying B-spline smoothing...
μ›λ³Έ κ¶¤μ  λ΅λ“: ../../../data/trajectories/circle_envs_10k_temp/trajectory_000000.json
- κ¶¤μ  ID: traj_rb3_000000
- μ›¨μ΄ν¬μΈνΈ μ: 49
B-spline μ¤λ¬΄λ”© μ μ©:
- μ›λ³Έ β†’ μ¤λ¬΄λ”©: 49 β†’ 98 waypoints
- μ„¤μ •: degree=3, smoothing=0.1
\nβ… B-spline κ¶¤μ  μ €μ¥ μ™„λ£:
   νμΌ: ../../../data/trajectories/circle_envs_10k_bsplined/trajectory_000000_bsplined.json
   κ°μ„ μ‚¬ν•­:
   - κ³΅λ¥  λ¶„μ‚°: 100.0%
   - κ°€μ†λ„ λ…Έλ¦„: 98.6%
   - μ €ν¬ λ…Έλ¦„: 100.0%
β… B-spline smoothing completed: trajectory_000000_bsplined.json

=== Processing circle_env_000071 (72/10000) ===
π”§ Generating RRT trajectory for first pose pair...
β… RRT trajectory generated: trajectory_000000.json
π― Applying B-spline smoothing...
μ›λ³Έ κ¶¤μ  λ΅λ“: ../../../data/trajectories/circle_envs_10k_temp/trajectory_000000.json
- κ¶¤μ  ID: traj_rb3_000000
- μ›¨μ΄ν¬μΈνΈ μ: 266
B-spline μ¤λ¬΄λ”© μ μ©:
- μ›λ³Έ β†’ μ¤λ¬΄λ”©: 266 β†’ 532 waypoints
- μ„¤μ •: degree=3, smoothing=0.1
\nβ… B-spline κ¶¤μ  μ €μ¥ μ™„λ£:
   νμΌ: ../../../data/trajectories/circle_envs_10k_bsplined/trajectory_000000_bsplined.json
   κ°μ„ μ‚¬ν•­:
   - κ³΅λ¥  λ¶„μ‚°: 98.9%
   - κ°€μ†λ„ λ…Έλ¦„: 96.1%
   - μ €ν¬ λ…Έλ¦„: 99.7%
β… B-spline smoothing completed: trajectory_000000_bsplined.json

=== Processing circle_env_000072 (73/10000) ===
π”§ Generating RRT trajectory for first pose pair...
β… RRT trajectory generated: trajectory_000000.json
π― Applying B-spline smoothing...
μ›λ³Έ κ¶¤μ  λ΅λ“: ../../../data/trajectories/circle_envs_10k_temp/trajectory_000000.json
- κ¶¤μ  ID: traj_rb3_000000
- μ›¨μ΄ν¬μΈνΈ μ: 175
B-spline μ¤λ¬΄λ”© μ μ©:
- μ›λ³Έ β†’ μ¤λ¬΄λ”©: 175 β†’ 350 waypoints
- μ„¤μ •: degree=3, smoothing=0.1
\nβ… B-spline κ¶¤μ  μ €μ¥ μ™„λ£:
   νμΌ: ../../../data/trajectories/circle_envs_10k_bsplined/trajectory_000000_bsplined.json
   κ°μ„ μ‚¬ν•­:
   - κ³΅λ¥  λ¶„μ‚°: 99.7%
   - κ°€μ†λ„ λ…Έλ¦„: 56.1%
   - μ €ν¬ λ…Έλ¦„: 56.3%
β… B-spline smoothing completed: trajectory_000000_bsplined.json

=== Processing circle_env_000073 (74/10000) ===
π”§ Generating RRT trajectory for first pose pair...
β… RRT trajectory generated: trajectory_000000.json
π― Applying B-spline smoothing...
μ›λ³Έ κ¶¤μ  λ΅λ“: ../../../data/trajectories/circle_envs_10k_temp/trajectory_000000.json
- κ¶¤μ  ID: traj_rb3_000000
- μ›¨μ΄ν¬μΈνΈ μ: 140
B-spline μ¤λ¬΄λ”© μ μ©:
- μ›λ³Έ β†’ μ¤λ¬΄λ”©: 140 β†’ 280 waypoints
- μ„¤μ •: degree=3, smoothing=0.1
\nβ… B-spline κ¶¤μ  μ €μ¥ μ™„λ£:
   νμΌ: ../../../data/trajectories/circle_envs_10k_bsplined/trajectory_000000_bsplined.json
   κ°μ„ μ‚¬ν•­:
   - κ³΅λ¥  λ¶„μ‚°: 100.0%
   - κ°€μ†λ„ λ…Έλ¦„: 98.2%
   - μ €ν¬ λ…Έλ¦„: 100.0%
β… B-spline smoothing completed: trajectory_000000_bsplined.json

=== Processing circle_env_000074 (75/10000) ===
π”§ Generating RRT trajectory for first pose pair...
β… RRT trajectory generated: trajectory_000000.json
π― Applying B-spline smoothing...
μ›λ³Έ κ¶¤μ  λ΅λ“: ../../../data/trajectories/circle_envs_10k_temp/trajectory_000000.json
- κ¶¤μ  ID: traj_rb3_000000
- μ›¨μ΄ν¬μΈνΈ μ: 75
B-spline μ¤λ¬΄λ”© μ μ©:
- μ›λ³Έ β†’ μ¤λ¬΄λ”©: 75 β†’ 150 waypoints
- μ„¤μ •: degree=3, smoothing=0.1
\nβ… B-spline κ¶¤μ  μ €μ¥ μ™„λ£:
   νμΌ: ../../../data/trajectories/circle_envs_10k_bsplined/trajectory_000000_bsplined.json
   κ°μ„ μ‚¬ν•­:
   - κ³΅λ¥  λ¶„μ‚°: 100.0%
   - κ°€μ†λ„ λ…Έλ¦„: 99.8%
   - μ €ν¬ λ…Έλ¦„: 100.0%
β… B-spline smoothing completed: trajectory_000000_bsplined.json

=== Processing circle_env_000075 (76/10000) ===
π”§ Generating RRT trajectory for first pose pair...
β… RRT trajectory generated: trajectory_000000.json
π― Applying B-spline smoothing...
μ›λ³Έ κ¶¤μ  λ΅λ“: ../../../data/trajectories/circle_envs_10k_temp/trajectory_000000.json
- κ¶¤μ  ID: traj_rb3_000000
- μ›¨μ΄ν¬μΈνΈ μ: 221
B-spline μ¤λ¬΄λ”© μ μ©:
- μ›λ³Έ β†’ μ¤λ¬΄λ”©: 221 β†’ 442 waypoints
- μ„¤μ •: degree=3, smoothing=0.1
\nβ… B-spline κ¶¤μ  μ €μ¥ μ™„λ£:
   νμΌ: ../../../data/trajectories/circle_envs_10k_bsplined/trajectory_000000_bsplined.json
   κ°μ„ μ‚¬ν•­:
   - κ³΅λ¥  λ¶„μ‚°: 99.3%
   - κ°€μ†λ„ λ…Έλ¦„: 96.4%
   - μ €ν¬ λ…Έλ¦„: 99.7%
β… B-spline smoothing completed: trajectory_000000_bsplined.json

=== Processing circle_env_000076 (77/10000) ===
π”§ Generating RRT trajectory for first pose pair...
β… RRT trajectory generated: trajectory_000000.json
π― Applying B-spline smoothing...
μ›λ³Έ κ¶¤μ  λ΅λ“: ../../../data/trajectories/circle_envs_10k_temp/trajectory_000000.json
- κ¶¤μ  ID: traj_rb3_000000
- μ›¨μ΄ν¬μΈνΈ μ: 46
B-spline μ¤λ¬΄λ”© μ μ©:
- μ›λ³Έ β†’ μ¤λ¬΄λ”©: 46 β†’ 92 waypoints
- μ„¤μ •: degree=3, smoothing=0.1
\nβ… B-spline κ¶¤μ  μ €μ¥ μ™„λ£:
   νμΌ: ../../../data/trajectories/circle_envs_10k_bsplined/trajectory_000000_bsplined.json
   κ°μ„ μ‚¬ν•­:
   - κ³΅λ¥  λ¶„μ‚°: 100.0%
   - κ°€μ†λ„ λ…Έλ¦„: 96.4%
   - μ €ν¬ λ…Έλ¦„: 99.9%
β… B-spline smoothing completed: trajectory_000000_bsplined.json

=== Processing circle_env_000077 (78/10000) ===
π”§ Generating RRT trajectory for first pose pair...
β… RRT trajectory generated: trajectory_000000.json
π― Applying B-spline smoothing...
μ›λ³Έ κ¶¤μ  λ΅λ“: ../../../data/trajectories/circle_envs_10k_temp/trajectory_000000.json
- κ¶¤μ  ID: traj_rb3_000000
- μ›¨μ΄ν¬μΈνΈ μ: 415
B-spline μ¤λ¬΄λ”© μ μ©:
- μ›λ³Έ β†’ μ¤λ¬΄λ”©: 415 β†’ 830 waypoints
- μ„¤μ •: degree=3, smoothing=0.1
\nβ… B-spline κ¶¤μ  μ €μ¥ μ™„λ£:
   νμΌ: ../../../data/trajectories/circle_envs_10k_bsplined/trajectory_000000_bsplined.json
   κ°μ„ μ‚¬ν•­:
   - κ³΅λ¥  λ¶„μ‚°: 96.3%
   - κ°€μ†λ„ λ…Έλ¦„: 94.4%
   - μ €ν¬ λ…Έλ¦„: 99.2%
β… B-spline smoothing completed: trajectory_000000_bsplined.json

=== Processing circle_env_000078 (79/10000) ===
π”§ Generating RRT trajectory for first pose pair...
β… RRT trajectory generated: trajectory_000000.json
π― Applying B-spline smoothing...
μ›λ³Έ κ¶¤μ  λ΅λ“: ../../../data/trajectories/circle_envs_10k_temp/trajectory_000000.json
- κ¶¤μ  ID: traj_rb3_000000
- μ›¨μ΄ν¬μΈνΈ μ: 193
B-spline μ¤λ¬΄λ”© μ μ©:
- μ›λ³Έ β†’ μ¤λ¬΄λ”©: 193 β†’ 386 waypoints
- μ„¤μ •: degree=3, smoothing=0.1
\nβ… B-spline κ¶¤μ  μ €μ¥ μ™„λ£:
   νμΌ: ../../../data/trajectories/circle_envs_10k_bsplined/trajectory_000000_bsplined.json
   κ°μ„ μ‚¬ν•­:
   - κ³΅λ¥  λ¶„μ‚°: 99.1%
   - κ°€μ†λ„ λ…Έλ¦„: 57.8%
   - μ €ν¬ λ…Έλ¦„: 58.0%
β… B-spline smoothing completed: trajectory_000000_bsplined.json

=== Processing circle_env_000079 (80/10000) ===
π”§ Generating RRT trajectory for first pose pair...
β… RRT trajectory generated: trajectory_000000.json
π― Applying B-spline smoothing...
μ›λ³Έ κ¶¤μ  λ΅λ“: ../../../data/trajectories/circle_envs_10k_temp/trajectory_000000.json
- κ¶¤μ  ID: traj_rb3_000000
- μ›¨μ΄ν¬μΈνΈ μ: 112
B-spline μ¤λ¬΄λ”© μ μ©:
- μ›λ³Έ β†’ μ¤λ¬΄λ”©: 112 β†’ 224 waypoints
- μ„¤μ •: degree=3, smoothing=0.1
\nβ… B-spline κ¶¤μ  μ €μ¥ μ™„λ£:
   νμΌ: ../../../data/trajectories/circle_envs_10k_bsplined/trajectory_000000_bsplined.json
   κ°μ„ μ‚¬ν•­:
   - κ³΅λ¥  λ¶„μ‚°: 100.0%
   - κ°€μ†λ„ λ…Έλ¦„: 99.6%
   - μ €ν¬ λ…Έλ¦„: 100.0%
β… B-spline smoothing completed: trajectory_000000_bsplined.json

=== Processing circle_env_000080 (81/10000) ===
π”§ Generating RRT trajectory for first pose pair...
β… RRT trajectory generated: trajectory_000000.json
π― Applying B-spline smoothing...
μ›λ³Έ κ¶¤μ  λ΅λ“: ../../../data/trajectories/circle_envs_10k_temp/trajectory_000000.json
- κ¶¤μ  ID: traj_rb3_000000
- μ›¨μ΄ν¬μΈνΈ μ: 129
B-spline μ¤λ¬΄λ”© μ μ©:
- μ›λ³Έ β†’ μ¤λ¬΄λ”©: 129 β†’ 258 waypoints
- μ„¤μ •: degree=3, smoothing=0.1
\nβ… B-spline κ¶¤μ  μ €μ¥ μ™„λ£:
   νμΌ: ../../../data/trajectories/circle_envs_10k_bsplined/trajectory_000000_bsplined.json
   κ°μ„ μ‚¬ν•­:
   - κ³΅λ¥  λ¶„μ‚°: 100.0%
   - κ°€μ†λ„ λ…Έλ¦„: 99.7%
   - μ €ν¬ λ…Έλ¦„: 100.0%
β… B-spline smoothing completed: trajectory_000000_bsplined.json

=== Processing circle_env_000081 (82/10000) ===
π”§ Generating RRT trajectory for first pose pair...
β… RRT trajectory generated: trajectory_000000.json
π― Applying B-spline smoothing...
μ›λ³Έ κ¶¤μ  λ΅λ“: ../../../data/trajectories/circle_envs_10k_temp/trajectory_000000.json
- κ¶¤μ  ID: traj_rb3_000000
- μ›¨μ΄ν¬μΈνΈ μ: 27
B-spline μ¤λ¬΄λ”© μ μ©:
- μ›λ³Έ β†’ μ¤λ¬΄λ”©: 27 β†’ 54 waypoints
- μ„¤μ •: degree=3, smoothing=0.1
\nβ… B-spline κ¶¤μ  μ €μ¥ μ™„λ£:
   νμΌ: ../../../data/trajectories/circle_envs_10k_bsplined/trajectory_000000_bsplined.json
   κ°μ„ μ‚¬ν•­:
   - κ³΅λ¥  λ¶„μ‚°: 100.0%
   - κ°€μ†λ„ λ…Έλ¦„: 95.3%
   - μ €ν¬ λ…Έλ¦„: 99.5%
β… B-spline smoothing completed: trajectory_000000_bsplined.json

=== Processing circle_env_000082 (83/10000) ===
π”§ Generating RRT trajectory for first pose pair...
β… RRT trajectory generated: trajectory_000000.json
π― Applying B-spline smoothing...
μ›λ³Έ κ¶¤μ  λ΅λ“: ../../../data/trajectories/circle_envs_10k_temp/trajectory_000000.json
- κ¶¤μ  ID: traj_rb3_000000
- μ›¨μ΄ν¬μΈνΈ μ: 117
B-spline μ¤λ¬΄λ”© μ μ©:
- μ›λ³Έ β†’ μ¤λ¬΄λ”©: 117 β†’ 234 waypoints
- μ„¤μ •: degree=3, smoothing=0.1
\nβ… B-spline κ¶¤μ  μ €μ¥ μ™„λ£:
   νμΌ: ../../../data/trajectories/circle_envs_10k_bsplined/trajectory_000000_bsplined.json
   κ°μ„ μ‚¬ν•­:
   - κ³΅λ¥  λ¶„μ‚°: 100.0%
   - κ°€μ†λ„ λ…Έλ¦„: 50.7%
   - μ €ν¬ λ…Έλ¦„: 50.9%
β… B-spline smoothing completed: trajectory_000000_bsplined.json

=== Processing circle_env_000083 (84/10000) ===
π”§ Generating RRT trajectory for first pose pair...
β… RRT trajectory generated: trajectory_000000.json
π― Applying B-spline smoothing...
μ›λ³Έ κ¶¤μ  λ΅λ“: ../../../data/trajectories/circle_envs_10k_temp/trajectory_000000.json
- κ¶¤μ  ID: traj_rb3_000000
- μ›¨μ΄ν¬μΈνΈ μ: 227
B-spline μ¤λ¬΄λ”© μ μ©:
- μ›λ³Έ β†’ μ¤λ¬΄λ”©: 227 β†’ 454 waypoints
- μ„¤μ •: degree=3, smoothing=0.1
\nβ… B-spline κ¶¤μ  μ €μ¥ μ™„λ£:
   νμΌ: ../../../data/trajectories/circle_envs_10k_bsplined/trajectory_000000_bsplined.json
   κ°μ„ μ‚¬ν•­:
   - κ³΅λ¥  λ¶„μ‚°: 99.8%
   - κ°€μ†λ„ λ…Έλ¦„: 97.9%
   - μ €ν¬ λ…Έλ¦„: 99.9%
β… B-spline smoothing completed: trajectory_000000_bsplined.json

=== Processing circle_env_000084 (85/10000) ===
π”§ Generating RRT trajectory for first pose pair...
β… RRT trajectory generated: trajectory_000000.json
π― Applying B-spline smoothing...
μ›λ³Έ κ¶¤μ  λ΅λ“: ../../../data/trajectories/circle_envs_10k_temp/trajectory_000000.json
- κ¶¤μ  ID: traj_rb3_000000
- μ›¨μ΄ν¬μΈνΈ μ: 48
B-spline μ¤λ¬΄λ”© μ μ©:
- μ›λ³Έ β†’ μ¤λ¬΄λ”©: 48 β†’ 96 waypoints
- μ„¤μ •: degree=3, smoothing=0.1
\nβ… B-spline κ¶¤μ  μ €μ¥ μ™„λ£:
   νμΌ: ../../../data/trajectories/circle_envs_10k_bsplined/trajectory_000000_bsplined.json
   κ°μ„ μ‚¬ν•­:
   - κ³΅λ¥  λ¶„μ‚°: 99.4%
   - κ°€μ†λ„ λ…Έλ¦„: 95.3%
   - μ €ν¬ λ…Έλ¦„: 99.8%
β… B-spline smoothing completed: trajectory_000000_bsplined.json

=== Processing circle_env_000085 (86/10000) ===
π”§ Generating RRT trajectory for first pose pair...
β… RRT trajectory generated: trajectory_000000.json
π― Applying B-spline smoothing...
μ›λ³Έ κ¶¤μ  λ΅λ“: ../../../data/trajectories/circle_envs_10k_temp/trajectory_000000.json
- κ¶¤μ  ID: traj_rb3_000000
- μ›¨μ΄ν¬μΈνΈ μ: 140
B-spline μ¤λ¬΄λ”© μ μ©:
- μ›λ³Έ β†’ μ¤λ¬΄λ”©: 140 β†’ 280 waypoints
- μ„¤μ •: degree=3, smoothing=0.1
\nβ… B-spline κ¶¤μ  μ €μ¥ μ™„λ£:
   νμΌ: ../../../data/trajectories/circle_envs_10k_bsplined/trajectory_000000_bsplined.json
   κ°μ„ μ‚¬ν•­:
   - κ³΅λ¥  λ¶„μ‚°: 97.8%
   - κ°€μ†λ„ λ…Έλ¦„: 92.3%
   - μ €ν¬ λ…Έλ¦„: 99.4%
β… B-spline smoothing completed: trajectory_000000_bsplined.json

=== Processing circle_env_000086 (87/10000) ===
π”§ Generating RRT trajectory for first pose pair...
β… RRT trajectory generated: trajectory_000000.json
π― Applying B-spline smoothing...
μ›λ³Έ κ¶¤μ  λ΅λ“: ../../../data/trajectories/circle_envs_10k_temp/trajectory_000000.json
- κ¶¤μ  ID: traj_rb3_000000
- μ›¨μ΄ν¬μΈνΈ μ: 102
B-spline μ¤λ¬΄λ”© μ μ©:
- μ›λ³Έ β†’ μ¤λ¬΄λ”©: 102 β†’ 204 waypoints
- μ„¤μ •: degree=3, smoothing=0.1
\nβ… B-spline κ¶¤μ  μ €μ¥ μ™„λ£:
   νμΌ: ../../../data/trajectories/circle_envs_10k_bsplined/trajectory_000000_bsplined.json
   κ°μ„ μ‚¬ν•­:
   - κ³΅λ¥  λ¶„μ‚°: 100.0%
   - κ°€μ†λ„ λ…Έλ¦„: 50.9%
   - μ €ν¬ λ…Έλ¦„: 51.1%
β… B-spline smoothing completed: trajectory_000000_bsplined.json

=== Processing circle_env_000087 (88/10000) ===
π”§ Generating RRT trajectory for first pose pair...
β… RRT trajectory generated: trajectory_000000.json
π― Applying B-spline smoothing...
μ›λ³Έ κ¶¤μ  λ΅λ“: ../../../data/trajectories/circle_envs_10k_temp/trajectory_000000.json
- κ¶¤μ  ID: traj_rb3_000000
- μ›¨μ΄ν¬μΈνΈ μ: 92
B-spline μ¤λ¬΄λ”© μ μ©:
- μ›λ³Έ β†’ μ¤λ¬΄λ”©: 92 β†’ 184 waypoints
- μ„¤μ •: degree=3, smoothing=0.1
\nβ… B-spline κ¶¤μ  μ €μ¥ μ™„λ£:
   νμΌ: ../../../data/trajectories/circle_envs_10k_bsplined/trajectory_000000_bsplined.json
   κ°μ„ μ‚¬ν•­:
   - κ³΅λ¥  λ¶„μ‚°: 100.0%
   - κ°€μ†λ„ λ…Έλ¦„: 99.8%
   - μ €ν¬ λ…Έλ¦„: 100.0%
β… B-spline smoothing completed: trajectory_000000_bsplined.json

=== Processing circle_env_000088 (89/10000) ===
π”§ Generating RRT trajectory for first pose pair...
β… RRT trajectory generated: trajectory_000000.json
π― Applying B-spline smoothing...
μ›λ³Έ κ¶¤μ  λ΅λ“: ../../../data/trajectories/circle_envs_10k_temp/trajectory_000000.json
- κ¶¤μ  ID: traj_rb3_000000
- μ›¨μ΄ν¬μΈνΈ μ: 280
B-spline μ¤λ¬΄λ”© μ μ©:
- μ›λ³Έ β†’ μ¤λ¬΄λ”©: 280 β†’ 560 waypoints
- μ„¤μ •: degree=3, smoothing=0.1
\nβ… B-spline κ¶¤μ  μ €μ¥ μ™„λ£:
   νμΌ: ../../../data/trajectories/circle_envs_10k_bsplined/trajectory_000000_bsplined.json
   κ°μ„ μ‚¬ν•­:
   - κ³΅λ¥  λ¶„μ‚°: 99.1%
   - κ°€μ†λ„ λ…Έλ¦„: 97.3%
   - μ €ν¬ λ…Έλ¦„: 99.8%
β… B-spline smoothing completed: trajectory_000000_bsplined.json

=== Processing circle_env_000089 (90/10000) ===
π”§ Generating RRT trajectory for first pose pair...
β… RRT trajectory generated: trajectory_000000.json
π― Applying B-spline smoothing...
μ›λ³Έ κ¶¤μ  λ΅λ“: ../../../data/trajectories/circle_envs_10k_temp/trajectory_000000.json
- κ¶¤μ  ID: traj_rb3_000000
- μ›¨μ΄ν¬μΈνΈ μ: 96
B-spline μ¤λ¬΄λ”© μ μ©:
- μ›λ³Έ β†’ μ¤λ¬΄λ”©: 96 β†’ 192 waypoints
- μ„¤μ •: degree=3, smoothing=0.1
\nβ… B-spline κ¶¤μ  μ €μ¥ μ™„λ£:
   νμΌ: ../../../data/trajectories/circle_envs_10k_bsplined/trajectory_000000_bsplined.json
   κ°μ„ μ‚¬ν•­:
   - κ³΅λ¥  λ¶„μ‚°: 100.0%
   - κ°€μ†λ„ λ…Έλ¦„: 51.0%
   - μ €ν¬ λ…Έλ¦„: 51.0%
β… B-spline smoothing completed: trajectory_000000_bsplined.json

=== Processing circle_env_000090 (91/10000) ===
π”§ Generating RRT trajectory for first pose pair...
β… RRT trajectory generated: trajectory_000000.json
π― Applying B-spline smoothing...
μ›λ³Έ κ¶¤μ  λ΅λ“: ../../../data/trajectories/circle_envs_10k_temp/trajectory_000000.json
- κ¶¤μ  ID: traj_rb3_000000
- μ›¨μ΄ν¬μΈνΈ μ: 109
B-spline μ¤λ¬΄λ”© μ μ©:
- μ›λ³Έ β†’ μ¤λ¬΄λ”©: 109 β†’ 218 waypoints
- μ„¤μ •: degree=3, smoothing=0.1
\nβ… B-spline κ¶¤μ  μ €μ¥ μ™„λ£:
   νμΌ: ../../../data/trajectories/circle_envs_10k_bsplined/trajectory_000000_bsplined.json
   κ°μ„ μ‚¬ν•­:
   - κ³΅λ¥  λ¶„μ‚°: 100.0%
   - κ°€μ†λ„ λ…Έλ¦„: 99.8%
   - μ €ν¬ λ…Έλ¦„: 100.0%
β… B-spline smoothing completed: trajectory_000000_bsplined.json

=== Processing circle_env_000091 (92/10000) ===
π”§ Generating RRT trajectory for first pose pair...
β… RRT trajectory generated: trajectory_000000.json
π― Applying B-spline smoothing...
μ›λ³Έ κ¶¤μ  λ΅λ“: ../../../data/trajectories/circle_envs_10k_temp/trajectory_000000.json
- κ¶¤μ  ID: traj_rb3_000000
- μ›¨μ΄ν¬μΈνΈ μ: 180
B-spline μ¤λ¬΄λ”© μ μ©:
- μ›λ³Έ β†’ μ¤λ¬΄λ”©: 180 β†’ 360 waypoints
- μ„¤μ •: degree=3, smoothing=0.1
\nβ… B-spline κ¶¤μ  μ €μ¥ μ™„λ£:
   νμΌ: ../../../data/trajectories/circle_envs_10k_bsplined/trajectory_000000_bsplined.json
   κ°μ„ μ‚¬ν•­:
   - κ³΅λ¥  λ¶„μ‚°: 99.7%
   - κ°€μ†λ„ λ…Έλ¦„: 97.0%
   - μ €ν¬ λ…Έλ¦„: 99.8%
β… B-spline smoothing completed: trajectory_000000_bsplined.json

=== Processing circle_env_000092 (93/10000) ===
π”§ Generating RRT trajectory for first pose pair...
β… RRT trajectory generated: trajectory_000000.json
π― Applying B-spline smoothing...
μ›λ³Έ κ¶¤μ  λ΅λ“: ../../../data/trajectories/circle_envs_10k_temp/trajectory_000000.json
- κ¶¤μ  ID: traj_rb3_000000
- μ›¨μ΄ν¬μΈνΈ μ: 59
B-spline μ¤λ¬΄λ”© μ μ©:
- μ›λ³Έ β†’ μ¤λ¬΄λ”©: 59 β†’ 118 waypoints
- μ„¤μ •: degree=3, smoothing=0.1
\nβ… B-spline κ¶¤μ  μ €μ¥ μ™„λ£:
   νμΌ: ../../../data/trajectories/circle_envs_10k_bsplined/trajectory_000000_bsplined.json
   κ°μ„ μ‚¬ν•­:
   - κ³΅λ¥  λ¶„μ‚°: 100.0%
   - κ°€μ†λ„ λ…Έλ¦„: 98.9%
   - μ €ν¬ λ…Έλ¦„: 100.0%
β… B-spline smoothing completed: trajectory_000000_bsplined.json

=== Processing circle_env_000093 (94/10000) ===
π”§ Generating RRT trajectory for first pose pair...
β… RRT trajectory generated: trajectory_000000.json
π― Applying B-spline smoothing...
μ›λ³Έ κ¶¤μ  λ΅λ“: ../../../data/trajectories/circle_envs_10k_temp/trajectory_000000.json
- κ¶¤μ  ID: traj_rb3_000000
- μ›¨μ΄ν¬μΈνΈ μ: 273
B-spline μ¤λ¬΄λ”© μ μ©:
- μ›λ³Έ β†’ μ¤λ¬΄λ”©: 273 β†’ 546 waypoints
- μ„¤μ •: degree=3, smoothing=0.1
\nβ… B-spline κ¶¤μ  μ €μ¥ μ™„λ£:
   νμΌ: ../../../data/trajectories/circle_envs_10k_bsplined/trajectory_000000_bsplined.json
   κ°μ„ μ‚¬ν•­:
   - κ³΅λ¥  λ¶„μ‚°: 98.2%
   - κ°€μ†λ„ λ…Έλ¦„: 95.8%
   - μ €ν¬ λ…Έλ¦„: 99.2%
β… B-spline smoothing completed: trajectory_000000_bsplined.json

=== Processing circle_env_000094 (95/10000) ===
π”§ Generating RRT trajectory for first pose pair...
β… RRT trajectory generated: trajectory_000000.json
π― Applying B-spline smoothing...
μ›λ³Έ κ¶¤μ  λ΅λ“: ../../../data/trajectories/circle_envs_10k_temp/trajectory_000000.json
- κ¶¤μ  ID: traj_rb3_000000
- μ›¨μ΄ν¬μΈνΈ μ: 96
B-spline μ¤λ¬΄λ”© μ μ©:
- μ›λ³Έ β†’ μ¤λ¬΄λ”©: 96 β†’ 192 waypoints
- μ„¤μ •: degree=3, smoothing=0.1
\nβ… B-spline κ¶¤μ  μ €μ¥ μ™„λ£:
   νμΌ: ../../../data/trajectories/circle_envs_10k_bsplined/trajectory_000000_bsplined.json
   κ°μ„ μ‚¬ν•­:
   - κ³΅λ¥  λ¶„μ‚°: 98.2%
   - κ°€μ†λ„ λ…Έλ¦„: 96.8%
   - μ €ν¬ λ…Έλ¦„: 99.9%
β… B-spline smoothing completed: trajectory_000000_bsplined.json

=== Processing circle_env_000095 (96/10000) ===
π”§ Generating RRT trajectory for first pose pair...
β… RRT trajectory generated: trajectory_000000.json
π― Applying B-spline smoothing...
μ›λ³Έ κ¶¤μ  λ΅λ“: ../../../data/trajectories/circle_envs_10k_temp/trajectory_000000.json
- κ¶¤μ  ID: traj_rb3_000000
- μ›¨μ΄ν¬μΈνΈ μ: 160
B-spline μ¤λ¬΄λ”© μ μ©:
- μ›λ³Έ β†’ μ¤λ¬΄λ”©: 160 β†’ 320 waypoints
- μ„¤μ •: degree=3, smoothing=0.1
\nβ… B-spline κ¶¤μ  μ €μ¥ μ™„λ£:
   νμΌ: ../../../data/trajectories/circle_envs_10k_bsplined/trajectory_000000_bsplined.json
   κ°μ„ μ‚¬ν•­:
   - κ³΅λ¥  λ¶„μ‚°: 97.9%
   - κ°€μ†λ„ λ…Έλ¦„: 94.2%
   - μ €ν¬ λ…Έλ¦„: 99.4%
β… B-spline smoothing completed: trajectory_000000_bsplined.json

=== Processing circle_env_000096 (97/10000) ===
π”§ Generating RRT trajectory for first pose pair...
β… RRT trajectory generated: trajectory_000000.json
π― Applying B-spline smoothing...
μ›λ³Έ κ¶¤μ  λ΅λ“: ../../../data/trajectories/circle_envs_10k_temp/trajectory_000000.json
- κ¶¤μ  ID: traj_rb3_000000
- μ›¨μ΄ν¬μΈνΈ μ: 338
B-spline μ¤λ¬΄λ”© μ μ©:
- μ›λ³Έ β†’ μ¤λ¬΄λ”©: 338 β†’ 676 waypoints
- μ„¤μ •: degree=3, smoothing=0.1
\nβ… B-spline κ¶¤μ  μ €μ¥ μ™„λ£:
   νμΌ: ../../../data/trajectories/circle_envs_10k_bsplined/trajectory_000000_bsplined.json
   κ°μ„ μ‚¬ν•­:
   - κ³΅λ¥  λ¶„μ‚°: 98.4%
   - κ°€μ†λ„ λ…Έλ¦„: 95.5%
   - μ €ν¬ λ…Έλ¦„: 99.6%
β… B-spline smoothing completed: trajectory_000000_bsplined.json

=== Processing circle_env_000097 (98/10000) ===
π”§ Generating RRT trajectory for first pose pair...
β… RRT trajectory generated: trajectory_000000.json
π― Applying B-spline smoothing...
μ›λ³Έ κ¶¤μ  λ΅λ“: ../../../data/trajectories/circle_envs_10k_temp/trajectory_000000.json
- κ¶¤μ  ID: traj_rb3_000000
- μ›¨μ΄ν¬μΈνΈ μ: 106
B-spline μ¤λ¬΄λ”© μ μ©:
- μ›λ³Έ β†’ μ¤λ¬΄λ”©: 106 β†’ 212 waypoints
- μ„¤μ •: degree=3, smoothing=0.1
\nβ… B-spline κ¶¤μ  μ €μ¥ μ™„λ£:
   νμΌ: ../../../data/trajectories/circle_envs_10k_bsplined/trajectory_000000_bsplined.json
   κ°μ„ μ‚¬ν•­:
   - κ³΅λ¥  λ¶„μ‚°: 100.0%
   - κ°€μ†λ„ λ…Έλ¦„: 50.9%
   - μ €ν¬ λ…Έλ¦„: 51.1%
β… B-spline smoothing completed: trajectory_000000_bsplined.json

=== Processing circle_env_000098 (99/10000) ===
π”§ Generating RRT trajectory for first pose pair...
β… RRT trajectory generated: trajectory_000000.json
π― Applying B-spline smoothing...
μ›λ³Έ κ¶¤μ  λ΅λ“: ../../../data/trajectories/circle_envs_10k_temp/trajectory_000000.json
- κ¶¤μ  ID: traj_rb3_000000
- μ›¨μ΄ν¬μΈνΈ μ: 84
B-spline μ¤λ¬΄λ”© μ μ©:
- μ›λ³Έ β†’ μ¤λ¬΄λ”©: 84 β†’ 168 waypoints
- μ„¤μ •: degree=3, smoothing=0.1
\nβ… B-spline κ¶¤μ  μ €μ¥ μ™„λ£:
   νμΌ: ../../../data/trajectories/circle_envs_10k_bsplined/trajectory_000000_bsplined.json
   κ°μ„ μ‚¬ν•­:
   - κ³΅λ¥  λ¶„μ‚°: 100.0%
   - κ°€μ†λ„ λ…Έλ¦„: 99.8%
   - μ €ν¬ λ…Έλ¦„: 100.0%
β… B-spline smoothing completed: trajectory_000000_bsplined.json

=== Processing circle_env_000099 (100/10000) ===
π”§ Generating RRT trajectory for first pose pair...
β… RRT trajectory generated: trajectory_000000.json
π― Applying B-spline smoothing...
μ›λ³Έ κ¶¤μ  λ΅λ“: ../../../data/trajectories/circle_envs_10k_temp/trajectory_000000.json
- κ¶¤μ  ID: traj_rb3_000000